2013/03/14 04:06:54 info: [OK] 'D:/temp/faqnavi/WEB-INF/src.sjis/jp/nec/faqnavi/action/AbstractAuthGroupListActionForm.java
2013/03/14 04:06:54 info: [OK] 'D:/temp/faqnavi/WEB-INF/src.sjis/jp/nec/faqnavi/action/AbstractTimeAnalysisActionForm.java
2013/03/14 04:06:54 info: [OK] 'D:/temp/faqnavi/WEB-INF/src.sjis/jp/nec/faqnavi/action/AddAccountAction.java
2013/03/14 04:06:55 info: [OK] 'D:/temp/faqnavi/WEB-INF/src.sjis/jp/nec/faqnavi/action/AddAccountActionForm.java
2013/03/14 04:06:56 info: [OK] 'D:/temp/faqnavi/WEB-INF/src.sjis/jp/nec/faqnavi/action/AddCategoryAction.java
2013/03/14 04:06:56 info: [OK] 'D:/temp/faqnavi/WEB-INF/src.sjis/jp/nec/faqnavi/action/AddCategoryActionForm.java
2013/03/14 04:06:57 info: [OK] 'D:/temp/faqnavi/WEB-INF/src.sjis/jp/nec/faqnavi/action/AddFaqAction.java
2013/03/14 04:06:57 info: [OK] 'D:/temp/faqnavi/WEB-INF/src.sjis/jp/nec/faqnavi/action/AddFaqActionForm.java
2013/03/14 04:06:58 info: [OK] 'D:/temp/faqnavi/WEB-INF/src.sjis/jp/nec/faqnavi/action/AddPostAction.java
2013/03/14 04:06:58 info: [OK] 'D:/temp/faqnavi/WEB-INF/src.sjis/jp/nec/faqnavi/action/AddPostActionForm.java
2013/03/14 04:06:58 info: [OK] 'D:/temp/faqnavi/WEB-INF/src.sjis/jp/nec/faqnavi/action/AddQAAction.java
2013/03/14 04:06:59 info: [OK] 'D:/temp/faqnavi/WEB-INF/src.sjis/jp/nec/faqnavi/action/AddQAActionForm.java
2013/03/14 04:06:59 info: [OK] 'D:/temp/faqnavi/WEB-INF/src.sjis/jp/nec/faqnavi/action/AdmEnterAction.java
2013/03/14 04:07:00 info: [OK] 'D:/temp/faqnavi/WEB-INF/src.sjis/jp/nec/faqnavi/action/AdmEnterActionForm.java
2013/03/14 04:07:00 info: [OK] 'D:/temp/faqnavi/WEB-INF/src.sjis/jp/nec/faqnavi/action/AdmLoginAction.java
2013/03/14 04:07:00 info: [OK] 'D:/temp/faqnavi/WEB-INF/src.sjis/jp/nec/faqnavi/action/AdmLoginActionForm.java
2013/03/14 04:07:01 info: [OK] 'D:/temp/faqnavi/WEB-INF/src.sjis/jp/nec/faqnavi/action/AdmManageAction.java
2013/03/14 04:07:01 info: [OK] 'D:/temp/faqnavi/WEB-INF/src.sjis/jp/nec/faqnavi/action/AdmManageActionForm.java
2013/03/14 04:07:01 info: [OK] 'D:/temp/faqnavi/WEB-INF/src.sjis/jp/nec/faqnavi/action/AdmPassChangeAction.java
2013/03/14 04:07:01 info: [OK] 'D:/temp/faqnavi/WEB-INF/src.sjis/jp/nec/faqnavi/action/AdmPassChangeActionForm.java
2013/03/14 04:07:01 info: [OK] 'D:/temp/faqnavi/WEB-INF/src.sjis/jp/nec/faqnavi/action/ApprovalHistoryAction.java
2013/03/14 04:07:01 info: [OK] 'D:/temp/faqnavi/WEB-INF/src.sjis/jp/nec/faqnavi/action/ApprovalHistoryActionForm.java
2013/03/14 04:07:02 info: [OK] 'D:/temp/faqnavi/WEB-INF/src.sjis/jp/nec/faqnavi/action/ApprovalListAction.java
2013/03/14 04:07:02 info: [OK] 'D:/temp/faqnavi/WEB-INF/src.sjis/jp/nec/faqnavi/action/ApprovalListActionForm.java
2013/03/14 04:07:02 info: [OK] 'D:/temp/faqnavi/WEB-INF/src.sjis/jp/nec/faqnavi/action/ApprovalSendListAction.java
2013/03/14 04:07:02 info: [OK] 'D:/temp/faqnavi/WEB-INF/src.sjis/jp/nec/faqnavi/action/ApprovalSendListActionForm.java
2013/03/14 04:07:03 info: [OK] 'D:/temp/faqnavi/WEB-INF/src.sjis/jp/nec/faqnavi/action/CategoryAction.java
2013/03/14 04:07:03 info: [OK] 'D:/temp/faqnavi/WEB-INF/src.sjis/jp/nec/faqnavi/action/CategoryActionForm.java
2013/03/14 04:07:04 info: [OK] 'D:/temp/faqnavi/WEB-INF/src.sjis/jp/nec/faqnavi/action/ConcurrentSearchKeywordAction.java
2013/03/14 04:07:04 info: [OK] 'D:/temp/faqnavi/WEB-INF/src.sjis/jp/nec/faqnavi/action/ConcurrentSearchKeywordActionForm.java
2013/03/14 04:07:04 info: [OK] 'D:/temp/faqnavi/WEB-INF/src.sjis/jp/nec/faqnavi/action/CsvAction.java
2013/03/14 04:07:05 info: [OK] 'D:/temp/faqnavi/WEB-INF/src.sjis/jp/nec/faqnavi/action/CsvActionForm.java
2013/03/14 04:07:05 info: [OK] 'D:/temp/faqnavi/WEB-INF/src.sjis/jp/nec/faqnavi/action/DisplayQAAction.java
2013/03/14 04:07:05 info: [OK] 'D:/temp/faqnavi/WEB-INF/src.sjis/jp/nec/faqnavi/action/DisplayQAActionForm.java
2013/03/14 04:07:05 info: [OK] 'D:/temp/faqnavi/WEB-INF/src.sjis/jp/nec/faqnavi/action/DisplayUrlAction.java
2013/03/14 04:07:06 info: [OK] 'D:/temp/faqnavi/WEB-INF/src.sjis/jp/nec/faqnavi/action/DisplayUrlActionForm.java
2013/03/14 04:07:07 info: [OK] 'D:/temp/faqnavi/WEB-INF/src.sjis/jp/nec/faqnavi/action/FaqEditAction.java
2013/03/14 04:07:07 info: [OK] 'D:/temp/faqnavi/WEB-INF/src.sjis/jp/nec/faqnavi/action/FaqEditActionForm.java
2013/03/14 04:07:07 info: [OK] 'D:/temp/faqnavi/WEB-INF/src.sjis/jp/nec/faqnavi/action/FaqLoginAction.java
2013/03/14 04:07:07 info: [OK] 'D:/temp/faqnavi/WEB-INF/src.sjis/jp/nec/faqnavi/action/FaqLoginAction2.java
2013/03/14 04:07:08 info: [OK] 'D:/temp/faqnavi/WEB-INF/src.sjis/jp/nec/faqnavi/action/FaqLoginActionForm.java
2013/03/14 04:07:08 info: [OK] 'D:/temp/faqnavi/WEB-INF/src.sjis/jp/nec/faqnavi/action/FaqLoginActionForm2.java
2013/03/14 04:07:08 info: [OK] 'D:/temp/faqnavi/WEB-INF/src.sjis/jp/nec/faqnavi/action/FormCountingAction.java
2013/03/14 04:07:08 info: [OK] 'D:/temp/faqnavi/WEB-INF/src.sjis/jp/nec/faqnavi/action/FormCountingActionForm.java
2013/03/14 04:07:09 info: [OK] 'D:/temp/faqnavi/WEB-INF/src.sjis/jp/nec/faqnavi/action/FormHistoryAction.java
2013/03/14 04:07:09 info: [OK] 'D:/temp/faqnavi/WEB-INF/src.sjis/jp/nec/faqnavi/action/FormHistoryActionForm.java
2013/03/14 04:07:09 info: [OK] 'D:/temp/faqnavi/WEB-INF/src.sjis/jp/nec/faqnavi/action/FormHistoryAllAction.java
2013/03/14 04:07:10 info: [OK] 'D:/temp/faqnavi/WEB-INF/src.sjis/jp/nec/faqnavi/action/FormHistoryAllActionForm.java
2013/03/14 04:07:10 info: [OK] 'D:/temp/faqnavi/WEB-INF/src.sjis/jp/nec/faqnavi/action/FormRouteAction.java
2013/03/14 04:07:10 info: [OK] 'D:/temp/faqnavi/WEB-INF/src.sjis/jp/nec/faqnavi/action/FormRouteActionForm.java
2013/03/14 04:07:10 info: [OK] 'D:/temp/faqnavi/WEB-INF/src.sjis/jp/nec/faqnavi/action/ForwardingFormAction.java
2013/03/14 04:07:11 info: [OK] 'D:/temp/faqnavi/WEB-INF/src.sjis/jp/nec/faqnavi/action/ForwardingFormActionForm.java
2013/03/14 04:07:11 info: [OK] 'D:/temp/faqnavi/WEB-INF/src.sjis/jp/nec/faqnavi/action/HistoryAction.java
2013/03/14 04:07:11 info: [OK] 'D:/temp/faqnavi/WEB-INF/src.sjis/jp/nec/faqnavi/action/HistoryActionForm.java
2013/03/14 04:07:11 info: [OK] 'D:/temp/faqnavi/WEB-INF/src.sjis/jp/nec/faqnavi/action/KeywordQAListAction.java
2013/03/14 04:07:11 info: [OK] 'D:/temp/faqnavi/WEB-INF/src.sjis/jp/nec/faqnavi/action/KeywordQAListActionForm.java
2013/03/14 04:07:11 info: [OK] 'D:/temp/faqnavi/WEB-INF/src.sjis/jp/nec/faqnavi/action/LogoutAction.java
2013/03/14 04:07:11 info: [OK] 'D:/temp/faqnavi/WEB-INF/src.sjis/jp/nec/faqnavi/action/LogoutActionForm.java
2013/03/14 04:07:12 info: [OK] 'D:/temp/faqnavi/WEB-INF/src.sjis/jp/nec/faqnavi/action/ManageLoginAction.java
2013/03/14 04:07:12 info: [OK] 'D:/temp/faqnavi/WEB-INF/src.sjis/jp/nec/faqnavi/action/ManageLoginActionForm.java
2013/03/14 04:07:12 info: [OK] 'D:/temp/faqnavi/WEB-INF/src.sjis/jp/nec/faqnavi/action/MaxAccountChangeAction.java
2013/03/14 04:07:12 info: [OK] 'D:/temp/faqnavi/WEB-INF/src.sjis/jp/nec/faqnavi/action/MaxAccountChangeActionForm.java
2013/03/14 04:07:13 info: [OK] 'D:/temp/faqnavi/WEB-INF/src.sjis/jp/nec/faqnavi/action/ModifyAccountAction.java
2013/03/14 04:07:14 info: [OK] 'D:/temp/faqnavi/WEB-INF/src.sjis/jp/nec/faqnavi/action/ModifyAccountActionForm.java
2013/03/14 04:07:14 info: [OK] 'D:/temp/faqnavi/WEB-INF/src.sjis/jp/nec/faqnavi/action/ModifyCategoryAction.java
2013/03/14 04:07:15 info: [OK] 'D:/temp/faqnavi/WEB-INF/src.sjis/jp/nec/faqnavi/action/ModifyCategoryActionForm.java
2013/03/14 04:07:15 info: [OK] 'D:/temp/faqnavi/WEB-INF/src.sjis/jp/nec/faqnavi/action/ModifyFaqAction.java
2013/03/14 04:07:16 info: [OK] 'D:/temp/faqnavi/WEB-INF/src.sjis/jp/nec/faqnavi/action/ModifyFaqActionForm.java
2013/03/14 04:07:16 info: [OK] 'D:/temp/faqnavi/WEB-INF/src.sjis/jp/nec/faqnavi/action/ModifyPostAction.java
2013/03/14 04:07:17 info: [OK] 'D:/temp/faqnavi/WEB-INF/src.sjis/jp/nec/faqnavi/action/ModifyPostActionForm.java
2013/03/14 04:07:17 info: [OK] 'D:/temp/faqnavi/WEB-INF/src.sjis/jp/nec/faqnavi/action/ModifyQAAction.java
2013/03/14 04:07:18 info: [OK] 'D:/temp/faqnavi/WEB-INF/src.sjis/jp/nec/faqnavi/action/ModifyQAActionForm.java
2013/03/14 04:07:19 info: [OK] 'D:/temp/faqnavi/WEB-INF/src.sjis/jp/nec/faqnavi/action/ModifyUserAction.java
2013/03/14 04:07:19 info: [OK] 'D:/temp/faqnavi/WEB-INF/src.sjis/jp/nec/faqnavi/action/ModifyUserActionForm.java
2013/03/14 04:07:19 info: [OK] 'D:/temp/faqnavi/WEB-INF/src.sjis/jp/nec/faqnavi/action/ModifyUserGroupAddAction.java
2013/03/14 04:07:19 info: [OK] 'D:/temp/faqnavi/WEB-INF/src.sjis/jp/nec/faqnavi/action/ModifyUserGroupAddActionForm.java
2013/03/14 04:07:20 info: [OK] 'D:/temp/faqnavi/WEB-INF/src.sjis/jp/nec/faqnavi/action/ModifyUserGroupChangeAction.java
2013/03/14 04:07:20 info: [OK] 'D:/temp/faqnavi/WEB-INF/src.sjis/jp/nec/faqnavi/action/ModifyUserGroupChangeActionForm.java
2013/03/14 04:07:20 info: [OK] 'D:/temp/faqnavi/WEB-INF/src.sjis/jp/nec/faqnavi/action/ModifyUserUserAddAction.java
2013/03/14 04:07:20 info: [OK] 'D:/temp/faqnavi/WEB-INF/src.sjis/jp/nec/faqnavi/action/ModifyUserUserAddActionForm.java
2013/03/14 04:07:21 info: [OK] 'D:/temp/faqnavi/WEB-INF/src.sjis/jp/nec/faqnavi/action/ModifyUserUserChangeAction.java
2013/03/14 04:07:21 info: [OK] 'D:/temp/faqnavi/WEB-INF/src.sjis/jp/nec/faqnavi/action/ModifyUserUserChangeActionForm.java
2013/03/14 04:07:22 info: [OK] 'D:/temp/faqnavi/WEB-INF/src.sjis/jp/nec/faqnavi/action/NonapprovedQAListAction.java
2013/03/14 04:07:22 info: [OK] 'D:/temp/faqnavi/WEB-INF/src.sjis/jp/nec/faqnavi/action/NonapprovedQAListActionForm.java
2013/03/14 04:07:22 info: [OK] 'D:/temp/faqnavi/WEB-INF/src.sjis/jp/nec/faqnavi/action/PdfAction.java
2013/03/14 04:07:23 info: [OK] 'D:/temp/faqnavi/WEB-INF/src.sjis/jp/nec/faqnavi/action/QAAction.java
2013/03/14 04:07:23 info: [OK] 'D:/temp/faqnavi/WEB-INF/src.sjis/jp/nec/faqnavi/action/QAActionForm.java
2013/03/14 04:07:23 info: [OK] 'D:/temp/faqnavi/WEB-INF/src.sjis/jp/nec/faqnavi/action/SearchKeywordAction.java
2013/03/14 04:07:24 info: [OK] 'D:/temp/faqnavi/WEB-INF/src.sjis/jp/nec/faqnavi/action/SearchKeywordActionForm.java
2013/03/14 04:07:24 info: [OK] 'D:/temp/faqnavi/WEB-INF/src.sjis/jp/nec/faqnavi/action/SearchQAListAction.java
2013/03/14 04:07:24 info: [OK] 'D:/temp/faqnavi/WEB-INF/src.sjis/jp/nec/faqnavi/action/SearchQAListActionForm.java
2013/03/14 04:07:25 info: [OK] 'D:/temp/faqnavi/WEB-INF/src.sjis/jp/nec/faqnavi/action/SelectTreeAction.java
2013/03/14 04:07:25 info: [OK] 'D:/temp/faqnavi/WEB-INF/src.sjis/jp/nec/faqnavi/action/SelectTreeActionForm.java
2013/03/14 04:07:25 info: [OK] 'D:/temp/faqnavi/WEB-INF/src.sjis/jp/nec/faqnavi/action/TopAction.java
2013/03/14 04:07:26 info: [OK] 'D:/temp/faqnavi/WEB-INF/src.sjis/jp/nec/faqnavi/action/TopActionForm.java
2013/03/14 04:07:26 info: [OK] 'D:/temp/faqnavi/WEB-INF/src.sjis/jp/nec/faqnavi/action/UserLoginAction.java
2013/03/14 04:07:26 info: [OK] 'D:/temp/faqnavi/WEB-INF/src.sjis/jp/nec/faqnavi/action/UserLoginActionForm.java
2013/03/14 04:07:26 info: [OK] 'D:/temp/faqnavi/WEB-INF/src.sjis/jp/nec/faqnavi/action/UserLoginErrorAction.java
2013/03/14 04:07:26 info: [OK] 'D:/temp/faqnavi/WEB-INF/src.sjis/jp/nec/faqnavi/action/UserLoginErrorActionForm.java
2013/03/14 04:07:26 info: [OK] 'D:/temp/faqnavi/WEB-INF/src.sjis/jp/nec/faqnavi/action/UserMailErrorAction.java
2013/03/14 04:07:26 info: [OK] 'D:/temp/faqnavi/WEB-INF/src.sjis/jp/nec/faqnavi/action/UserMailErrorActionForm.java
2013/03/14 04:07:27 info: [OK] 'D:/temp/faqnavi/WEB-INF/src.sjis/jp/nec/faqnavi/action/UserMailFormAction.java
2013/03/14 04:07:27 info: [OK] 'D:/temp/faqnavi/WEB-INF/src.sjis/jp/nec/faqnavi/action/UserMailFormActionForm.java
2013/03/14 04:07:27 info: [OK] 'D:/temp/faqnavi/WEB-INF/src.sjis/jp/nec/faqnavi/action/UserMailSendAction.java
2013/03/14 04:07:27 info: [OK] 'D:/temp/faqnavi/WEB-INF/src.sjis/jp/nec/faqnavi/action/UserMailSendActionForm.java
2013/03/14 04:07:27 info: [OK] 'D:/temp/faqnavi/WEB-INF/src.sjis/jp/nec/faqnavi/action/UserNaviAction.java
2013/03/14 04:07:27 info: [OK] 'D:/temp/faqnavi/WEB-INF/src.sjis/jp/nec/faqnavi/action/UserNaviActionForm.java
2013/03/14 04:07:28 info: [OK] 'D:/temp/faqnavi/WEB-INF/src.sjis/jp/nec/faqnavi/action/UserQAAction.java
2013/03/14 04:07:28 info: [OK] 'D:/temp/faqnavi/WEB-INF/src.sjis/jp/nec/faqnavi/action/UserQAActionForm.java
2013/03/14 04:07:28 info: [OK] 'D:/temp/faqnavi/WEB-INF/src.sjis/jp/nec/faqnavi/action/UserSearchAction.java
2013/03/14 04:07:28 info: [OK] 'D:/temp/faqnavi/WEB-INF/src.sjis/jp/nec/faqnavi/action/UserSearchActionForm.java
2013/03/14 04:07:29 info: [OK] 'D:/temp/faqnavi/WEB-INF/src.sjis/jp/nec/faqnavi/batch/AccessCountBatch.java
2013/03/14 04:07:29 info: [OK] 'D:/temp/faqnavi/WEB-INF/src.sjis/jp/nec/faqnavi/batch/BackupBatch.java
2013/03/14 04:07:29 info: [OK] 'D:/temp/faqnavi/WEB-INF/src.sjis/jp/nec/faqnavi/batch/DeleteLogBatch.java
2013/03/14 04:07:29 info: [OK] 'D:/temp/faqnavi/WEB-INF/src.sjis/jp/nec/faqnavi/batch/QuickSolBatch.java
2013/03/14 04:07:29 info: [OK] 'D:/temp/faqnavi/WEB-INF/src.sjis/jp/nec/faqnavi/batch/ReceiveMailBatch.java
2013/03/14 04:07:30 info: [OK] 'D:/temp/faqnavi/WEB-INF/src.sjis/jp/nec/faqnavi/batch/RestoreBatch.java
2013/03/14 04:07:30 info: [OK] 'D:/temp/faqnavi/WEB-INF/src.sjis/jp/nec/faqnavi/batch/SendMailBatch.java
2013/03/14 04:07:30 info: [OK] 'D:/temp/faqnavi/WEB-INF/src.sjis/jp/nec/faqnavi/client/ClientLog.java
2013/03/14 04:07:31 info: [OK] 'D:/temp/faqnavi/WEB-INF/src.sjis/jp/nec/faqnavi/client/XmlBatch.java
2013/03/14 04:07:34 info: [OK] 'D:/temp/faqnavi/WEB-INF/src.sjis/jp/nec/faqnavi/client/XmlClient.java
2013/03/14 04:07:34 info: [OK] 'D:/temp/faqnavi/WEB-INF/src.sjis/jp/nec/faqnavi/client/XmlSender.java
2013/03/14 04:07:35 info: [OK] 'D:/temp/faqnavi/WEB-INF/src.sjis/jp/nec/faqnavi/client/XmlSSLSender.java
2013/03/14 04:07:35 info: [OK] 'D:/temp/faqnavi/WEB-INF/src.sjis/jp/nec/faqnavi/core/db/AbstractEntity.java
2013/03/14 04:07:35 info: [OK] 'D:/temp/faqnavi/WEB-INF/src.sjis/jp/nec/faqnavi/core/db/FaqAccountData.java
2013/03/14 04:07:35 info: [OK] 'D:/temp/faqnavi/WEB-INF/src.sjis/jp/nec/faqnavi/core/db/FaqAccountEntity.java
2013/03/14 04:07:37 info: [OK] 'D:/temp/faqnavi/WEB-INF/src.sjis/jp/nec/faqnavi/core/db/FaqAccountEntityImpl.java
2013/03/14 04:07:37 info: [OK] 'D:/temp/faqnavi/WEB-INF/src.sjis/jp/nec/faqnavi/core/db/FaqAdminData.java
2013/03/14 04:07:37 info: [OK] 'D:/temp/faqnavi/WEB-INF/src.sjis/jp/nec/faqnavi/core/db/FaqAdminEntity.java
2013/03/14 04:07:38 info: [OK] 'D:/temp/faqnavi/WEB-INF/src.sjis/jp/nec/faqnavi/core/db/FaqAdminEntityImpl.java
2013/03/14 04:07:38 info: [OK] 'D:/temp/faqnavi/WEB-INF/src.sjis/jp/nec/faqnavi/core/db/FaqAuthFaqRelationData.java
2013/03/14 04:07:38 info: [OK] 'D:/temp/faqnavi/WEB-INF/src.sjis/jp/nec/faqnavi/core/db/FaqAuthFaqRelationEntity.java
2013/03/14 04:07:39 info: [OK] 'D:/temp/faqnavi/WEB-INF/src.sjis/jp/nec/faqnavi/core/db/FaqAuthFaqRelationEntityImpl.java
2013/03/14 04:07:39 info: [OK] 'D:/temp/faqnavi/WEB-INF/src.sjis/jp/nec/faqnavi/core/db/FaqAuthGroupData.java
2013/03/14 04:07:39 info: [OK] 'D:/temp/faqnavi/WEB-INF/src.sjis/jp/nec/faqnavi/core/db/FaqAuthGroupEntity.java
2013/03/14 04:07:40 info: [OK] 'D:/temp/faqnavi/WEB-INF/src.sjis/jp/nec/faqnavi/core/db/FaqAuthGroupEntityImpl.java
2013/03/14 04:07:41 info: [OK] 'D:/temp/faqnavi/WEB-INF/src.sjis/jp/nec/faqnavi/core/db/FaqAuthNodeRelationData.java
2013/03/14 04:07:41 info: [OK] 'D:/temp/faqnavi/WEB-INF/src.sjis/jp/nec/faqnavi/core/db/FaqAuthNodeRelationEntity.java
2013/03/14 04:07:42 info: [OK] 'D:/temp/faqnavi/WEB-INF/src.sjis/jp/nec/faqnavi/core/db/FaqAuthNodeRelationEntityImpl.java
2013/03/14 04:07:42 info: [OK] 'D:/temp/faqnavi/WEB-INF/src.sjis/jp/nec/faqnavi/core/db/FaqAuthRelationData.java
2013/03/14 04:07:42 info: [OK] 'D:/temp/faqnavi/WEB-INF/src.sjis/jp/nec/faqnavi/core/db/FaqAuthRelationEntity.java
2013/03/14 04:07:42 info: [OK] 'D:/temp/faqnavi/WEB-INF/src.sjis/jp/nec/faqnavi/core/db/FaqAuthRelationEntityImpl.java
2013/03/14 04:07:42 info: [OK] 'D:/temp/faqnavi/WEB-INF/src.sjis/jp/nec/faqnavi/core/db/FaqAuthUserData.java
2013/03/14 04:07:42 info: [OK] 'D:/temp/faqnavi/WEB-INF/src.sjis/jp/nec/faqnavi/core/db/FaqAuthUserEntity.java
2013/03/14 04:07:44 info: [OK] 'D:/temp/faqnavi/WEB-INF/src.sjis/jp/nec/faqnavi/core/db/FaqAuthUserEntityImpl.java
2013/03/14 04:07:44 info: [OK] 'D:/temp/faqnavi/WEB-INF/src.sjis/jp/nec/faqnavi/core/db/FaqCategoryData.java
2013/03/14 04:07:44 info: [OK] 'D:/temp/faqnavi/WEB-INF/src.sjis/jp/nec/faqnavi/core/db/FaqCategoryEntity.java
2013/03/14 04:07:48 info: [OK] 'D:/temp/faqnavi/WEB-INF/src.sjis/jp/nec/faqnavi/core/db/FaqCategoryEntityImpl.java
2013/03/14 04:07:48 info: [OK] 'D:/temp/faqnavi/WEB-INF/src.sjis/jp/nec/faqnavi/core/db/FaqDataData.java
2013/03/14 04:07:48 info: [OK] 'D:/temp/faqnavi/WEB-INF/src.sjis/jp/nec/faqnavi/core/db/FaqDataEntity.java
2013/03/14 04:07:56 info: [OK] 'D:/temp/faqnavi/WEB-INF/src.sjis/jp/nec/faqnavi/core/db/FaqDataEntityImpl.java
2013/03/14 04:07:58 info: [OK] 'D:/temp/faqnavi/WEB-INF/src.sjis/jp/nec/faqnavi/core/db/FaqEntityFactory.java
2013/03/14 04:07:58 info: [OK] 'D:/temp/faqnavi/WEB-INF/src.sjis/jp/nec/faqnavi/core/db/FaqFormData.java
2013/03/14 04:07:58 info: [OK] 'D:/temp/faqnavi/WEB-INF/src.sjis/jp/nec/faqnavi/core/db/FaqFormEntity.java
2013/03/14 04:08:04 info: [OK] 'D:/temp/faqnavi/WEB-INF/src.sjis/jp/nec/faqnavi/core/db/FaqFormEntityImpl.java
2013/03/14 04:08:05 info: [OK] 'D:/temp/faqnavi/WEB-INF/src.sjis/jp/nec/faqnavi/core/db/FaqHistoryData.java
2013/03/14 04:08:05 info: [OK] 'D:/temp/faqnavi/WEB-INF/src.sjis/jp/nec/faqnavi/core/db/FaqHistoryEntity.java
2013/03/14 04:08:17 info: [OK] 'D:/temp/faqnavi/WEB-INF/src.sjis/jp/nec/faqnavi/core/db/FaqHistoryEntityImpl.java
2013/03/14 04:08:17 info: [OK] 'D:/temp/faqnavi/WEB-INF/src.sjis/jp/nec/faqnavi/core/db/FaqPrivilegeData.java
2013/03/14 04:08:17 info: [OK] 'D:/temp/faqnavi/WEB-INF/src.sjis/jp/nec/faqnavi/core/db/FaqPrivilegeEntity.java
2013/03/14 04:08:18 info: [OK] 'D:/temp/faqnavi/WEB-INF/src.sjis/jp/nec/faqnavi/core/db/FaqPrivilegeEntityImpl.java
2013/03/14 04:08:18 info: [OK] 'D:/temp/faqnavi/WEB-INF/src.sjis/jp/nec/faqnavi/core/db/FaqQAHistoryData.java
2013/03/14 04:08:18 info: [OK] 'D:/temp/faqnavi/WEB-INF/src.sjis/jp/nec/faqnavi/core/db/FaqQAHistoryEntity.java
2013/03/14 04:08:21 info: [OK] 'D:/temp/faqnavi/WEB-INF/src.sjis/jp/nec/faqnavi/core/db/FaqQAHistoryEntityImpl.java
2013/03/14 04:08:21 info: [OK] 'D:/temp/faqnavi/WEB-INF/src.sjis/jp/nec/faqnavi/core/db/FaqRankData.java
2013/03/14 04:08:21 info: [OK] 'D:/temp/faqnavi/WEB-INF/src.sjis/jp/nec/faqnavi/core/db/FaqRankEntity.java
2013/03/14 04:08:21 info: [OK] 'D:/temp/faqnavi/WEB-INF/src.sjis/jp/nec/faqnavi/core/db/FaqRankEntityImpl.java
2013/03/14 04:08:21 info: [OK] 'D:/temp/faqnavi/WEB-INF/src.sjis/jp/nec/faqnavi/core/db/FaqSettingData.java
2013/03/14 04:08:22 info: [OK] 'D:/temp/faqnavi/WEB-INF/src.sjis/jp/nec/faqnavi/core/db/FaqSettingEntity.java
2013/03/14 04:08:22 info: [OK] 'D:/temp/faqnavi/WEB-INF/src.sjis/jp/nec/faqnavi/core/db/FaqSettingEntityImpl.java
2013/03/14 04:08:22 info: [OK] 'D:/temp/faqnavi/WEB-INF/src.sjis/jp/nec/faqnavi/core/db/FaqUsersData.java
2013/03/14 04:08:22 info: [OK] 'D:/temp/faqnavi/WEB-INF/src.sjis/jp/nec/faqnavi/core/db/FaqUsersEntity.java
2013/03/14 04:08:23 info: [OK] 'D:/temp/faqnavi/WEB-INF/src.sjis/jp/nec/faqnavi/core/db/FaqUsersEntityImpl.java
2013/03/14 04:08:23 info: [OK] 'D:/temp/faqnavi/WEB-INF/src.sjis/jp/nec/faqnavi/core/db/SystemAdminData.java
2013/03/14 04:08:23 info: [OK] 'D:/temp/faqnavi/WEB-INF/src.sjis/jp/nec/faqnavi/core/db/SystemAdminEntity.java
2013/03/14 04:08:24 info: [OK] 'D:/temp/faqnavi/WEB-INF/src.sjis/jp/nec/faqnavi/core/db/SystemAdminEntityImpl.java
2013/03/14 04:08:24 info: [OK] 'D:/temp/faqnavi/WEB-INF/src.sjis/jp/nec/faqnavi/core/db/tree/FaqTreeDynaBeanFactory.java
2013/03/14 04:08:24 info: [OK] 'D:/temp/faqnavi/WEB-INF/src.sjis/jp/nec/faqnavi/core/db/tree/FaqTreeEntity.java
2013/03/14 04:08:26 info: [OK] 'D:/temp/faqnavi/WEB-INF/src.sjis/jp/nec/faqnavi/core/db/tree/FaqTreeEntityImpl.java
2013/03/14 04:08:26 info: [OK] 'D:/temp/faqnavi/WEB-INF/src.sjis/jp/nec/faqnavi/core/faq/ClsQsCtrler.java
2013/03/14 04:08:26 info: [OK] 'D:/temp/faqnavi/WEB-INF/src.sjis/jp/nec/faqnavi/core/faq/ClsQsIndexer.java
2013/03/14 04:08:27 info: [OK] 'D:/temp/faqnavi/WEB-INF/src.sjis/jp/nec/faqnavi/core/faq/ClsQsSearch.java
2013/03/14 04:08:27 info: [OK] 'D:/temp/faqnavi/WEB-INF/src.sjis/jp/nec/faqnavi/core/faq/CsvFile.java
2013/03/14 04:08:33 info: [OK] 'D:/temp/faqnavi/WEB-INF/src.sjis/jp/nec/faqnavi/core/faq/Faq.java
2013/03/14 04:08:37 info: [OK] 'D:/temp/faqnavi/WEB-INF/src.sjis/jp/nec/faqnavi/core/faq/FaqAccount.java
2013/03/14 04:08:38 info: [OK] 'D:/temp/faqnavi/WEB-INF/src.sjis/jp/nec/faqnavi/core/faq/FaqAdministrator.java
2013/03/14 04:08:38 info: [OK] 'D:/temp/faqnavi/WEB-INF/src.sjis/jp/nec/faqnavi/core/faq/FaqAlertData.java
2013/03/14 04:08:38 info: [OK] 'D:/temp/faqnavi/WEB-INF/src.sjis/jp/nec/faqnavi/core/faq/FaqApi.java
2013/03/14 04:08:43 info: [OK] 'D:/temp/faqnavi/WEB-INF/src.sjis/jp/nec/faqnavi/core/faq/FaqApprovalManager.java
2013/03/14 04:08:46 info: [OK] 'D:/temp/faqnavi/WEB-INF/src.sjis/jp/nec/faqnavi/core/faq/FaqAuthRelationManager.java
2013/03/14 04:08:47 info: [OK] 'D:/temp/faqnavi/WEB-INF/src.sjis/jp/nec/faqnavi/core/faq/FaqDbInstanceManager.java
2013/03/14 04:08:48 info: [OK] 'D:/temp/faqnavi/WEB-INF/src.sjis/jp/nec/faqnavi/core/faq/FaqDecLicenseKey.java
2013/03/14 04:08:51 info: [OK] 'D:/temp/faqnavi/WEB-INF/src.sjis/jp/nec/faqnavi/core/faq/FaqDesignTemplate.java
2013/03/14 04:08:52 info: [OK] 'D:/temp/faqnavi/WEB-INF/src.sjis/jp/nec/faqnavi/core/faq/FaqDirectoryManage.java
2013/03/14 04:08:52 info: [OK] 'D:/temp/faqnavi/WEB-INF/src.sjis/jp/nec/faqnavi/core/faq/FaqInquiryData.java
2013/03/14 04:08:52 info: [OK] 'D:/temp/faqnavi/WEB-INF/src.sjis/jp/nec/faqnavi/core/faq/FaqLicenseKeyAlg.java
2013/03/14 04:08:52 info: [OK] 'D:/temp/faqnavi/WEB-INF/src.sjis/jp/nec/faqnavi/core/faq/FaqLicenseKeyAlg0100.java
2013/03/14 04:08:54 info: [OK] 'D:/temp/faqnavi/WEB-INF/src.sjis/jp/nec/faqnavi/core/faq/FaqPrivilege.java
2013/03/14 04:08:54 info: [OK] 'D:/temp/faqnavi/WEB-INF/src.sjis/jp/nec/faqnavi/core/faq/FaqRequestApprovalData.java
2013/03/14 04:08:54 info: [OK] 'D:/temp/faqnavi/WEB-INF/src.sjis/jp/nec/faqnavi/core/faq/FaqSatisfactionData.java
2013/03/14 04:08:54 info: [OK] 'D:/temp/faqnavi/WEB-INF/src.sjis/jp/nec/faqnavi/core/faq/NonApprovalQAData.java
2013/03/14 04:08:56 info: [OK] 'D:/temp/faqnavi/WEB-INF/src.sjis/jp/nec/faqnavi/core/faq/OpenPeriod.java
2013/03/14 04:09:03 info: [OK] 'D:/temp/faqnavi/WEB-INF/src.sjis/jp/nec/faqnavi/core/faq/QACategory.java
2013/03/14 04:09:05 info: [OK] 'D:/temp/faqnavi/WEB-INF/src.sjis/jp/nec/faqnavi/core/faq/QAContents.java
2013/03/14 04:09:05 info: [OK] 'D:/temp/faqnavi/WEB-INF/src.sjis/jp/nec/faqnavi/core/faq/QANode.java
2013/03/14 04:09:07 info: [OK] 'D:/temp/faqnavi/WEB-INF/src.sjis/jp/nec/faqnavi/core/faq/QuickSolManage.java
2013/03/14 04:09:07 info: [OK] 'D:/temp/faqnavi/WEB-INF/src.sjis/jp/nec/faqnavi/core/faq/Search.java
2013/03/14 04:09:07 info: [OK] 'D:/temp/faqnavi/WEB-INF/src.sjis/jp/nec/faqnavi/core/faq/SearchContents.java
2013/03/14 04:09:08 info: [OK] 'D:/temp/faqnavi/WEB-INF/src.sjis/jp/nec/faqnavi/core/faq/SearchDB.java
2013/03/14 04:09:09 info: [OK] 'D:/temp/faqnavi/WEB-INF/src.sjis/jp/nec/faqnavi/core/faq/SearchManager.java
2013/03/14 04:09:09 info: [OK] 'D:/temp/faqnavi/WEB-INF/src.sjis/jp/nec/faqnavi/core/faq/SearchQAKeywordDB.java
2013/03/14 04:09:11 info: [OK] 'D:/temp/faqnavi/WEB-INF/src.sjis/jp/nec/faqnavi/core/faq/SearchQS.java
2013/03/14 04:09:11 info: [OK] 'D:/temp/faqnavi/WEB-INF/src.sjis/jp/nec/faqnavi/core/faq/SearchRough.java
2013/03/14 04:09:12 info: [OK] 'D:/temp/faqnavi/WEB-INF/src.sjis/jp/nec/faqnavi/core/faq/tree/FaqTreeCategory.java
2013/03/14 04:09:13 info: [OK] 'D:/temp/faqnavi/WEB-INF/src.sjis/jp/nec/faqnavi/core/faq/tree/FaqTreeContents.java
2013/03/14 04:09:13 info: [OK] 'D:/temp/faqnavi/WEB-INF/src.sjis/jp/nec/faqnavi/core/faq/tree/FaqTreeFloatingMenu.java
2013/03/14 04:09:14 info: [OK] 'D:/temp/faqnavi/WEB-INF/src.sjis/jp/nec/faqnavi/core/faq/tree/FaqTreeFloatingMenu1st.java
2013/03/14 04:09:14 info: [OK] 'D:/temp/faqnavi/WEB-INF/src.sjis/jp/nec/faqnavi/core/faq/tree/FaqTreeFloatingMenu2nd.java
2013/03/14 04:09:14 info: [OK] 'D:/temp/faqnavi/WEB-INF/src.sjis/jp/nec/faqnavi/core/faq/tree/FaqTreeHtmlInterface.java
2013/03/14 04:09:15 info: [OK] 'D:/temp/faqnavi/WEB-INF/src.sjis/jp/nec/faqnavi/core/faq/tree/FaqTreeInquiry.java
2013/03/14 04:09:15 info: [OK] 'D:/temp/faqnavi/WEB-INF/src.sjis/jp/nec/faqnavi/core/faq/tree/FaqTreeLinkContents.java
2013/03/14 04:09:16 info: [OK] 'D:/temp/faqnavi/WEB-INF/src.sjis/jp/nec/faqnavi/core/faq/tree/FaqTreeNode.java
2013/03/14 04:09:17 info: [OK] 'D:/temp/faqnavi/WEB-INF/src.sjis/jp/nec/faqnavi/core/faq/tree/FaqTreeUrlLinkCategory.java
2013/03/14 04:09:20 info: [OK] 'D:/temp/faqnavi/WEB-INF/src.sjis/jp/nec/faqnavi/core/faq/tree/FaqTreeUtil.java
2013/03/14 04:09:20 info: [OK] 'D:/temp/faqnavi/WEB-INF/src.sjis/jp/nec/faqnavi/core/faq/UnitList.java
2013/03/14 04:09:23 info: [OK] 'D:/temp/faqnavi/WEB-INF/src.sjis/jp/nec/faqnavi/core/faq/UserAuth.java
2013/03/14 04:09:23 info: [OK] 'D:/temp/faqnavi/WEB-INF/src.sjis/jp/nec/faqnavi/core/FaqCore.java
2013/03/14 04:09:23 info: [OK] 'D:/temp/faqnavi/WEB-INF/src.sjis/jp/nec/faqnavi/core/FaqnaviConst.java
2013/03/14 04:09:23 info: [OK] 'D:/temp/faqnavi/WEB-INF/src.sjis/jp/nec/faqnavi/core/FaqnaviException.java
2013/03/14 04:09:23 info: [OK] 'D:/temp/faqnavi/WEB-INF/src.sjis/jp/nec/faqnavi/core/FaqnaviRuntimeException.java
2013/03/14 04:09:25 info: [OK] 'D:/temp/faqnavi/WEB-INF/src.sjis/jp/nec/faqnavi/core/FaqSessionInfo.java
2013/03/14 04:09:25 info: [OK] 'D:/temp/faqnavi/WEB-INF/src.sjis/jp/nec/faqnavi/core/form/Form.java
2013/03/14 04:09:25 info: [OK] 'D:/temp/faqnavi/WEB-INF/src.sjis/jp/nec/faqnavi/core/form/FormCsvFileWriter.java
2013/03/14 04:09:25 info: [OK] 'D:/temp/faqnavi/WEB-INF/src.sjis/jp/nec/faqnavi/core/form/FormHistoryCount.java
2013/03/14 04:09:27 info: [OK] 'D:/temp/faqnavi/WEB-INF/src.sjis/jp/nec/faqnavi/core/form/FormMailManager.java
2013/03/14 04:09:31 info: [OK] 'D:/temp/faqnavi/WEB-INF/src.sjis/jp/nec/faqnavi/core/form/FormManager.java
2013/03/14 04:09:31 info: [OK] 'D:/temp/faqnavi/WEB-INF/src.sjis/jp/nec/faqnavi/core/form/FormParam.java
2013/03/14 04:09:32 info: [OK] 'D:/temp/faqnavi/WEB-INF/src.sjis/jp/nec/faqnavi/core/form/FormParamAppendix.java
2013/03/14 04:09:41 info: [OK] 'D:/temp/faqnavi/WEB-INF/src.sjis/jp/nec/faqnavi/core/generator/Builder.java
2013/03/14 04:09:44 info: [OK] 'D:/temp/faqnavi/WEB-INF/src.sjis/jp/nec/faqnavi/core/generator/HtmlGenerator.java
2013/03/14 04:09:44 info: [OK] 'D:/temp/faqnavi/WEB-INF/src.sjis/jp/nec/faqnavi/core/generator/LoginBuilder.java
2013/03/14 04:09:45 info: [OK] 'D:/temp/faqnavi/WEB-INF/src.sjis/jp/nec/faqnavi/core/generator/LoginErrorBuilder.java
2013/03/14 04:09:45 info: [OK] 'D:/temp/faqnavi/WEB-INF/src.sjis/jp/nec/faqnavi/core/generator/MailErrorBuilder.java
2013/03/14 04:09:46 info: [OK] 'D:/temp/faqnavi/WEB-INF/src.sjis/jp/nec/faqnavi/core/generator/MailFormBuilder.java
2013/03/14 04:09:46 info: [OK] 'D:/temp/faqnavi/WEB-INF/src.sjis/jp/nec/faqnavi/core/generator/MailSendBuilder.java
2013/03/14 04:09:46 info: [OK] 'D:/temp/faqnavi/WEB-INF/src.sjis/jp/nec/faqnavi/core/generator/Mark.java
2013/03/14 04:09:50 info: [OK] 'D:/temp/faqnavi/WEB-INF/src.sjis/jp/nec/faqnavi/core/generator/NavigationBuilder.java
2013/03/14 04:09:51 info: [OK] 'D:/temp/faqnavi/WEB-INF/src.sjis/jp/nec/faqnavi/core/generator/Node.java
2013/03/14 04:09:53 info: [OK] 'D:/temp/faqnavi/WEB-INF/src.sjis/jp/nec/faqnavi/core/generator/Options.java
2013/03/14 04:09:54 info: [OK] 'D:/temp/faqnavi/WEB-INF/src.sjis/jp/nec/faqnavi/core/generator/Position.java
2013/03/14 04:09:55 info: [OK] 'D:/temp/faqnavi/WEB-INF/src.sjis/jp/nec/faqnavi/core/generator/QABuilder.java
2013/03/14 04:09:58 info: [OK] 'D:/temp/faqnavi/WEB-INF/src.sjis/jp/nec/faqnavi/core/generator/SearchBuilder.java
2013/03/14 04:10:01 info: [OK] 'D:/temp/faqnavi/WEB-INF/src.sjis/jp/nec/faqnavi/core/generator/SearchQA.java
2013/03/14 04:10:02 info: [OK] 'D:/temp/faqnavi/WEB-INF/src.sjis/jp/nec/faqnavi/core/generator/TemplateParser.java
2013/03/14 04:10:03 info: [OK] 'D:/temp/faqnavi/WEB-INF/src.sjis/jp/nec/faqnavi/core/generator/TemplateReader.java
2013/03/14 04:10:04 info: [OK] 'D:/temp/faqnavi/WEB-INF/src.sjis/jp/nec/faqnavi/core/generator/TemplateTags.java
2013/03/14 04:10:05 info: [OK] 'D:/temp/faqnavi/WEB-INF/src.sjis/jp/nec/faqnavi/core/generator/UserCategory.java
2013/03/14 04:10:09 info: [OK] 'D:/temp/faqnavi/WEB-INF/src.sjis/jp/nec/faqnavi/core/generator/UserQA.java
2013/03/14 04:10:09 info: [OK] 'D:/temp/faqnavi/WEB-INF/src.sjis/jp/nec/faqnavi/core/history/CategoryHistory.java
2013/03/14 04:10:09 info: [OK] 'D:/temp/faqnavi/WEB-INF/src.sjis/jp/nec/faqnavi/core/history/CategoryTotalityOfDaily.java
2013/03/14 04:10:10 info: [OK] 'D:/temp/faqnavi/WEB-INF/src.sjis/jp/nec/faqnavi/core/history/CategoryTotalityOfMonthly.java
2013/03/14 04:10:10 info: [OK] 'D:/temp/faqnavi/WEB-INF/src.sjis/jp/nec/faqnavi/core/history/CategoryTotalityOfPeriod.java
2013/03/14 04:10:11 info: [OK] 'D:/temp/faqnavi/WEB-INF/src.sjis/jp/nec/faqnavi/core/history/CategoryTotalityOfWeekly.java
2013/03/14 04:10:11 info: [OK] 'D:/temp/faqnavi/WEB-INF/src.sjis/jp/nec/faqnavi/core/history/CompositeHistory.java
2013/03/14 04:10:11 info: [OK] 'D:/temp/faqnavi/WEB-INF/src.sjis/jp/nec/faqnavi/core/history/FaqEvaluationData.java
2013/03/14 04:10:11 info: [OK] 'D:/temp/faqnavi/WEB-INF/src.sjis/jp/nec/faqnavi/core/history/FaqHistory.java
2013/03/14 04:10:11 info: [OK] 'D:/temp/faqnavi/WEB-INF/src.sjis/jp/nec/faqnavi/core/history/FaqTotalityInterface.java
2013/03/14 04:10:12 info: [OK] 'D:/temp/faqnavi/WEB-INF/src.sjis/jp/nec/faqnavi/core/history/HistoryData.java
2013/03/14 04:10:12 info: [OK] 'D:/temp/faqnavi/WEB-INF/src.sjis/jp/nec/faqnavi/core/history/KeywordTotalityData.java
2013/03/14 04:10:12 info: [OK] 'D:/temp/faqnavi/WEB-INF/src.sjis/jp/nec/faqnavi/core/history/QAHistory.java
2013/03/14 04:10:13 info: [OK] 'D:/temp/faqnavi/WEB-INF/src.sjis/jp/nec/faqnavi/core/history/QATotalityOfDaily.java
2013/03/14 04:10:13 info: [OK] 'D:/temp/faqnavi/WEB-INF/src.sjis/jp/nec/faqnavi/core/history/QATotalityOfMonthly.java
2013/03/14 04:10:14 info: [OK] 'D:/temp/faqnavi/WEB-INF/src.sjis/jp/nec/faqnavi/core/history/QATotalityOfPeriod.java
2013/03/14 04:10:14 info: [OK] 'D:/temp/faqnavi/WEB-INF/src.sjis/jp/nec/faqnavi/core/history/QATotalityOfWeekly.java
2013/03/14 04:10:14 info: [OK] 'D:/temp/faqnavi/WEB-INF/src.sjis/jp/nec/faqnavi/core/history/SearchedHistory.java
2013/03/14 04:10:15 info: [OK] 'D:/temp/faqnavi/WEB-INF/src.sjis/jp/nec/faqnavi/core/history/SearchedTotalityInterface.java
2013/03/14 04:10:15 info: [OK] 'D:/temp/faqnavi/WEB-INF/src.sjis/jp/nec/faqnavi/core/history/SearchedTotalityOfMonthly.java
2013/03/14 04:10:15 info: [OK] 'D:/temp/faqnavi/WEB-INF/src.sjis/jp/nec/faqnavi/core/history/SearchedTotalityOfNormality.java
2013/03/14 04:10:16 info: [OK] 'D:/temp/faqnavi/WEB-INF/src.sjis/jp/nec/faqnavi/core/history/SearchedTotalityOfWeekly.java
2013/03/14 04:10:16 info: [OK] 'D:/temp/faqnavi/WEB-INF/src.sjis/jp/nec/faqnavi/core/history/SearchedTotalityOfYearly.java
2013/03/14 04:10:16 info: [OK] 'D:/temp/faqnavi/WEB-INF/src.sjis/jp/nec/faqnavi/core/history/SimwordTotalityData.java
2013/03/14 04:10:16 info: [OK] 'D:/temp/faqnavi/WEB-INF/src.sjis/jp/nec/faqnavi/core/util/ByteArrayDataSource.java
2013/03/14 04:10:16 info: [OK] 'D:/temp/faqnavi/WEB-INF/src.sjis/jp/nec/faqnavi/core/util/CsvByteArrayWriter.java
2013/03/14 04:10:16 info: [OK] 'D:/temp/faqnavi/WEB-INF/src.sjis/jp/nec/faqnavi/core/util/CsvFileReader.java
2013/03/14 04:10:17 info: [OK] 'D:/temp/faqnavi/WEB-INF/src.sjis/jp/nec/faqnavi/core/util/CsvFileWriter.java
2013/03/14 04:10:17 info: [OK] 'D:/temp/faqnavi/WEB-INF/src.sjis/jp/nec/faqnavi/core/util/CsvStreamReader.java
2013/03/14 04:10:17 info: [OK] 'D:/temp/faqnavi/WEB-INF/src.sjis/jp/nec/faqnavi/core/util/FaqAttachedFile.java
2013/03/14 04:10:19 info: [OK] 'D:/temp/faqnavi/WEB-INF/src.sjis/jp/nec/faqnavi/core/util/FaqCommonUtil.java
2013/03/14 04:10:20 info: [OK] 'D:/temp/faqnavi/WEB-INF/src.sjis/jp/nec/faqnavi/core/util/FaqDBUtil.java
2013/03/14 04:10:21 info: [OK] 'D:/temp/faqnavi/WEB-INF/src.sjis/jp/nec/faqnavi/core/util/FaqLogUtil.java
2013/03/14 04:10:21 info: [OK] 'D:/temp/faqnavi/WEB-INF/src.sjis/jp/nec/faqnavi/core/util/FaqMail.java
2013/03/14 04:10:21 info: [OK] 'D:/temp/faqnavi/WEB-INF/src.sjis/jp/nec/faqnavi/core/util/FaqMailAuthenticator.java
2013/03/14 04:10:23 info: [OK] 'D:/temp/faqnavi/WEB-INF/src.sjis/jp/nec/faqnavi/core/util/FaqMailManager.java
2013/03/14 04:10:24 info: [OK] 'D:/temp/faqnavi/WEB-INF/src.sjis/jp/nec/faqnavi/core/util/FaqMd5.java
2013/03/14 04:10:24 info: [OK] 'D:/temp/faqnavi/WEB-INF/src.sjis/jp/nec/faqnavi/core/util/FaqPropertyUtil.java
2013/03/14 04:10:24 info: [OK] 'D:/temp/faqnavi/WEB-INF/src.sjis/jp/nec/faqnavi/core/util/FaqReportGraphUtil.java
2013/03/14 04:10:24 info: [OK] 'D:/temp/faqnavi/WEB-INF/src.sjis/jp/nec/faqnavi/core/util/FaqServletContextListener.java
2013/03/14 04:10:25 info: [OK] 'D:/temp/faqnavi/WEB-INF/src.sjis/jp/nec/faqnavi/core/util/FaqSettingUtil.java
2013/03/14 04:10:26 info: [OK] 'D:/temp/faqnavi/WEB-INF/src.sjis/jp/nec/faqnavi/core/util/graph/CsvGraphBuilderImpl.java
2013/03/14 04:10:26 info: [OK] 'D:/temp/faqnavi/WEB-INF/src.sjis/jp/nec/faqnavi/core/util/graph/FaqGraphConst.java
2013/03/14 04:10:26 info: [OK] 'D:/temp/faqnavi/WEB-INF/src.sjis/jp/nec/faqnavi/core/util/graph/GraphBuilderImpl.java
2013/03/14 04:10:27 info: [OK] 'D:/temp/faqnavi/WEB-INF/src.sjis/jp/nec/faqnavi/core/util/graph/HtmlGraphBuilderImpl.java
2013/03/14 04:10:31 info: [OK] 'D:/temp/faqnavi/WEB-INF/src.sjis/jp/nec/faqnavi/core/util/graph/PdfGraphBuilderImpl.java
2013/03/14 04:10:31 info: [OK] 'D:/temp/faqnavi/WEB-INF/src.sjis/jp/nec/faqnavi/core/util/JaConv.java
2013/03/14 04:10:32 info: [OK] 'D:/temp/faqnavi/WEB-INF/src.sjis/jp/nec/faqnavi/core/util/LoginConfigFileUtil.java
2013/03/14 04:10:32 info: [OK] 'D:/temp/faqnavi/WEB-INF/src.sjis/jp/nec/faqnavi/core/util/SetCharacterEncodingFilter.java
2013/03/14 04:10:32 info: [OK] 'D:/temp/faqnavi/WEB-INF/src.sjis/jp/nec/faqnavi/core/util/ZipFile.java
2013/03/14 04:10:32 info: [OK] 'D:/temp/faqnavi/WEB-INF/src.sjis/jp/nec/faqnavi/core/xmlapi/bean/FaqXmlAccount.java
2013/03/14 04:10:32 info: [OK] 'D:/temp/faqnavi/WEB-INF/src.sjis/jp/nec/faqnavi/core/xmlapi/bean/FaqXmlApprovalData.java
2013/03/14 04:10:33 info: [OK] 'D:/temp/faqnavi/WEB-INF/src.sjis/jp/nec/faqnavi/core/xmlapi/bean/FaqXmlCategory.java
2013/03/14 04:10:34 info: [OK] 'D:/temp/faqnavi/WEB-INF/src.sjis/jp/nec/faqnavi/core/xmlapi/bean/FaqXmlCondition.java
2013/03/14 04:10:34 info: [OK] 'D:/temp/faqnavi/WEB-INF/src.sjis/jp/nec/faqnavi/core/xmlapi/bean/FaqXmlConvAuthEnc.java
2013/03/14 04:10:34 info: [OK] 'D:/temp/faqnavi/WEB-INF/src.sjis/jp/nec/faqnavi/core/xmlapi/bean/FaqXmlCtrlAuthProcess.java
2013/03/14 04:10:35 info: [OK] 'D:/temp/faqnavi/WEB-INF/src.sjis/jp/nec/faqnavi/core/xmlapi/bean/FaqXmlFaqData.java
2013/03/14 04:10:35 info: [OK] 'D:/temp/faqnavi/WEB-INF/src.sjis/jp/nec/faqnavi/core/xmlapi/bean/FaqXmlQA.java
2013/03/14 04:10:35 info: [OK] 'D:/temp/faqnavi/WEB-INF/src.sjis/jp/nec/faqnavi/core/xmlapi/bean/FaqXmlRankingQA.java
2013/03/14 04:10:36 info: [OK] 'D:/temp/faqnavi/WEB-INF/src.sjis/jp/nec/faqnavi/core/xmlapi/bean/FaqXmlResponse.java
2013/03/14 04:10:36 info: [OK] 'D:/temp/faqnavi/WEB-INF/src.sjis/jp/nec/faqnavi/core/xmlapi/bean/FaqXmlRoot.java
2013/03/14 04:10:36 info: [OK] 'D:/temp/faqnavi/WEB-INF/src.sjis/jp/nec/faqnavi/core/xmlapi/bean/FaqXmlRootConvAuth.java
2013/03/14 04:10:36 info: [OK] 'D:/temp/faqnavi/WEB-INF/src.sjis/jp/nec/faqnavi/core/xmlapi/bean/FaqXmlRootCtrlAuth.java
2013/03/14 04:10:36 info: [OK] 'D:/temp/faqnavi/WEB-INF/src.sjis/jp/nec/faqnavi/core/xmlapi/bean/FaqXmlStatus.java
2013/03/14 04:10:37 info: [OK] 'D:/temp/faqnavi/WEB-INF/src.sjis/jp/nec/faqnavi/core/xmlapi/bean/FaqXmlTargetCategory.java
2013/03/14 04:10:37 info: [OK] 'D:/temp/faqnavi/WEB-INF/src.sjis/jp/nec/faqnavi/core/xmlapi/bean/rule/FaqXmlConditionRule.java
2013/03/14 04:10:37 info: [OK] 'D:/temp/faqnavi/WEB-INF/src.sjis/jp/nec/faqnavi/core/xmlapi/bean/rule/FaqXmlFaqDataRule.java
2013/03/14 04:10:37 info: [OK] 'D:/temp/faqnavi/WEB-INF/src.sjis/jp/nec/faqnavi/core/xmlapi/FaqXml.java
2013/03/14 04:10:38 info: [OK] 'D:/temp/faqnavi/WEB-INF/src.sjis/jp/nec/faqnavi/core/xmlapi/FaqXmlConvAuth.java
2013/03/14 04:10:40 info: [OK] 'D:/temp/faqnavi/WEB-INF/src.sjis/jp/nec/faqnavi/core/xmlapi/FaqXmlCtrlAuth.java
2013/03/14 04:10:40 info: [OK] 'D:/temp/faqnavi/WEB-INF/src.sjis/jp/nec/faqnavi/core/xmlapi/FaqXmlErrorHandler.java
2013/03/14 04:10:41 info: [OK] 'D:/temp/faqnavi/WEB-INF/src.sjis/jp/nec/faqnavi/core/xmlapi/FaqXmlLogin.java
2013/03/14 04:10:49 info: [OK] 'D:/temp/faqnavi/WEB-INF/src.sjis/jp/nec/faqnavi/core/xmlapi/FaqXmlSelect.java
2013/03/14 04:10:50 info: [OK] 'D:/temp/faqnavi/WEB-INF/src.sjis/jp/nec/faqnavi/core/xmlapi/FaqXmlUtil.java
2013/03/14 04:10:51 info: [OK] 'D:/temp/faqnavi/WEB-INF/src.sjis/jp/nec/faqnavi/core/xmlapi/validator/FaqXmlValidator.java
2013/03/14 04:10:52 info: [OK] 'D:/temp/faqnavi/WEB-INF/src.sjis/jp/nec/faqnavi/logic/AbstractTimeAnalysisLogic.java
2013/03/14 04:10:53 info: [OK] 'D:/temp/faqnavi/WEB-INF/src.sjis/jp/nec/faqnavi/logic/approval/ApprovalHistoryLogic.java
2013/03/14 04:10:54 info: [OK] 'D:/temp/faqnavi/WEB-INF/src.sjis/jp/nec/faqnavi/logic/approval/ApprovalListLogic.java
2013/03/14 04:10:54 info: [OK] 'D:/temp/faqnavi/WEB-INF/src.sjis/jp/nec/faqnavi/logic/approval/ApprovalScreenData.java
2013/03/14 04:10:55 info: [OK] 'D:/temp/faqnavi/WEB-INF/src.sjis/jp/nec/faqnavi/logic/approval/ApprovalSendListLogic.java
2013/03/14 04:10:55 info: [OK] 'D:/temp/faqnavi/WEB-INF/src.sjis/jp/nec/faqnavi/logic/batch/AccessCountLogic.java
2013/03/14 04:10:57 info: [OK] 'D:/temp/faqnavi/WEB-INF/src.sjis/jp/nec/faqnavi/logic/batch/BackupLogic.java
2013/03/14 04:10:58 info: [OK] 'D:/temp/faqnavi/WEB-INF/src.sjis/jp/nec/faqnavi/logic/batch/BatchLogic.java
2013/03/14 04:10:59 info: [OK] 'D:/temp/faqnavi/WEB-INF/src.sjis/jp/nec/faqnavi/logic/batch/DeleteLogLogic.java
2013/03/14 04:11:00 info: [OK] 'D:/temp/faqnavi/WEB-INF/src.sjis/jp/nec/faqnavi/logic/batch/InitAdminPass.java
2013/03/14 04:11:00 info: [OK] 'D:/temp/faqnavi/WEB-INF/src.sjis/jp/nec/faqnavi/logic/batch/Maintenance.java
2013/03/14 04:11:04 info: [OK] 'D:/temp/faqnavi/WEB-INF/src.sjis/jp/nec/faqnavi/logic/batch/PostgresToOracleBatch.java
2013/03/14 04:11:05 info: [OK] 'D:/temp/faqnavi/WEB-INF/src.sjis/jp/nec/faqnavi/logic/batch/QuickSolLogic.java
2013/03/14 04:11:05 info: [OK] 'D:/temp/faqnavi/WEB-INF/src.sjis/jp/nec/faqnavi/logic/batch/ReceiveMailLogic.java
2013/03/14 04:11:08 info: [OK] 'D:/temp/faqnavi/WEB-INF/src.sjis/jp/nec/faqnavi/logic/batch/RestoreLogic.java
2013/03/14 04:11:09 info: [OK] 'D:/temp/faqnavi/WEB-INF/src.sjis/jp/nec/faqnavi/logic/batch/SendMailLogic.java
2013/03/14 04:11:16 info: [OK] 'D:/temp/faqnavi/WEB-INF/src.sjis/jp/nec/faqnavi/logic/batch/V1toV2Batch.java
2013/03/14 04:11:16 info: [OK] 'D:/temp/faqnavi/WEB-INF/src.sjis/jp/nec/faqnavi/logic/batch/V2toV3Batch.java
2013/03/14 04:11:30 info: [OK] 'D:/temp/faqnavi/WEB-INF/src.sjis/jp/nec/faqnavi/logic/csv/CsvLogic.java
2013/03/14 04:11:32 info: [OK] 'D:/temp/faqnavi/WEB-INF/src.sjis/jp/nec/faqnavi/logic/faq/AddCategoryLogic.java
2013/03/14 04:11:33 info: [OK] 'D:/temp/faqnavi/WEB-INF/src.sjis/jp/nec/faqnavi/logic/faq/AddFaqLogic.java
2013/03/14 04:11:37 info: [OK] 'D:/temp/faqnavi/WEB-INF/src.sjis/jp/nec/faqnavi/logic/faq/AddQALogic.java
2013/03/14 04:11:40 info: [OK] 'D:/temp/faqnavi/WEB-INF/src.sjis/jp/nec/faqnavi/logic/faq/CategoryLogic.java
2013/03/14 04:11:42 info: [OK] 'D:/temp/faqnavi/WEB-INF/src.sjis/jp/nec/faqnavi/logic/faq/DisplayQALogic.java
2013/03/14 04:11:42 info: [OK] 'D:/temp/faqnavi/WEB-INF/src.sjis/jp/nec/faqnavi/logic/faq/DisplayUrlLogic.java
2013/03/14 04:11:48 info: [OK] 'D:/temp/faqnavi/WEB-INF/src.sjis/jp/nec/faqnavi/logic/faq/FaqEditLogic.java
2013/03/14 04:11:49 info: [OK] 'D:/temp/faqnavi/WEB-INF/src.sjis/jp/nec/faqnavi/logic/faq/FaqEditScreenData.java
2013/03/14 04:11:50 info: [OK] 'D:/temp/faqnavi/WEB-INF/src.sjis/jp/nec/faqnavi/logic/faq/KeywordQAListLogic.java
2013/03/14 04:11:53 info: [OK] 'D:/temp/faqnavi/WEB-INF/src.sjis/jp/nec/faqnavi/logic/faq/ModifyCategoryLogic.java
2013/03/14 04:11:59 info: [OK] 'D:/temp/faqnavi/WEB-INF/src.sjis/jp/nec/faqnavi/logic/faq/ModifyFaqLogic.java
2013/03/14 04:12:06 info: [OK] 'D:/temp/faqnavi/WEB-INF/src.sjis/jp/nec/faqnavi/logic/faq/ModifyQALogic.java
2013/03/14 04:12:07 info: [OK] 'D:/temp/faqnavi/WEB-INF/src.sjis/jp/nec/faqnavi/logic/faq/NonapprovedQAListLogic.java
2013/03/14 04:12:10 info: [OK] 'D:/temp/faqnavi/WEB-INF/src.sjis/jp/nec/faqnavi/logic/faq/QALogic.java
2013/03/14 04:12:12 info: [OK] 'D:/temp/faqnavi/WEB-INF/src.sjis/jp/nec/faqnavi/logic/faq/SearchQAListLogic.java
2013/03/14 04:12:12 info: [OK] 'D:/temp/faqnavi/WEB-INF/src.sjis/jp/nec/faqnavi/logic/faq/SelectTreeLogic.java
2013/03/14 04:12:15 info: [OK] 'D:/temp/faqnavi/WEB-INF/src.sjis/jp/nec/faqnavi/logic/faq/TopLogic.java
2013/03/14 04:12:15 info: [OK] 'D:/temp/faqnavi/WEB-INF/src.sjis/jp/nec/faqnavi/logic/faq/TopScreenData.java
2013/03/14 04:12:17 info: [OK] 'D:/temp/faqnavi/WEB-INF/src.sjis/jp/nec/faqnavi/logic/FaqLogic.java
2013/03/14 04:12:19 info: [OK] 'D:/temp/faqnavi/WEB-INF/src.sjis/jp/nec/faqnavi/logic/form/FormCountingLogic.java
2013/03/14 04:12:23 info: [OK] 'D:/temp/faqnavi/WEB-INF/src.sjis/jp/nec/faqnavi/logic/form/FormHistoryAllLogic.java
2013/03/14 04:12:26 info: [OK] 'D:/temp/faqnavi/WEB-INF/src.sjis/jp/nec/faqnavi/logic/form/FormHistoryLogic.java
2013/03/14 04:12:26 info: [OK] 'D:/temp/faqnavi/WEB-INF/src.sjis/jp/nec/faqnavi/logic/form/FormHistoryScreenData.java
2013/03/14 04:12:28 info: [OK] 'D:/temp/faqnavi/WEB-INF/src.sjis/jp/nec/faqnavi/logic/form/FormRouteLogic.java
2013/03/14 04:12:28 info: [OK] 'D:/temp/faqnavi/WEB-INF/src.sjis/jp/nec/faqnavi/logic/form/ForwardFaqNameScreenData.java
2013/03/14 04:12:29 info: [OK] 'D:/temp/faqnavi/WEB-INF/src.sjis/jp/nec/faqnavi/logic/form/ForwardingFormLogic.java
2013/03/14 04:12:32 info: [OK] 'D:/temp/faqnavi/WEB-INF/src.sjis/jp/nec/faqnavi/logic/history/ConcurrentSearchKeywordLogic.java
2013/03/14 04:12:33 info: [OK] 'D:/temp/faqnavi/WEB-INF/src.sjis/jp/nec/faqnavi/logic/history/HistoryLogic.java
2013/03/14 04:12:34 info: [OK] 'D:/temp/faqnavi/WEB-INF/src.sjis/jp/nec/faqnavi/logic/history/HistoryScreenData.java
2013/03/14 04:12:36 info: [OK] 'D:/temp/faqnavi/WEB-INF/src.sjis/jp/nec/faqnavi/logic/history/SearchKeywordLogic.java
2013/03/14 04:12:36 info: [OK] 'D:/temp/faqnavi/WEB-INF/src.sjis/jp/nec/faqnavi/logic/history/SimwordScreenData.java
2013/03/14 04:12:37 info: [OK] 'D:/temp/faqnavi/WEB-INF/src.sjis/jp/nec/faqnavi/logic/ListValueSet.java
2013/03/14 04:12:37 info: [OK] 'D:/temp/faqnavi/WEB-INF/src.sjis/jp/nec/faqnavi/logic/login/AdmLoginLogic.java
2013/03/14 04:12:38 info: [OK] 'D:/temp/faqnavi/WEB-INF/src.sjis/jp/nec/faqnavi/logic/login/FaqLoginLogic.java
2013/03/14 04:12:39 info: [OK] 'D:/temp/faqnavi/WEB-INF/src.sjis/jp/nec/faqnavi/logic/login/FaqLoginLogic2.java
2013/03/14 04:12:40 info: [OK] 'D:/temp/faqnavi/WEB-INF/src.sjis/jp/nec/faqnavi/logic/login/LogoutLogic.java
2013/03/14 04:12:40 info: [OK] 'D:/temp/faqnavi/WEB-INF/src.sjis/jp/nec/faqnavi/logic/login/ManageLoginLogic.java
2013/03/14 04:12:42 info: [OK] 'D:/temp/faqnavi/WEB-INF/src.sjis/jp/nec/faqnavi/logic/manage/AddAccountLogic.java
2013/03/14 04:12:42 info: [OK] 'D:/temp/faqnavi/WEB-INF/src.sjis/jp/nec/faqnavi/logic/manage/AddPostLogic.java
2013/03/14 04:12:44 info: [OK] 'D:/temp/faqnavi/WEB-INF/src.sjis/jp/nec/faqnavi/logic/manage/AdmEnterLogic.java
2013/03/14 04:12:45 info: [OK] 'D:/temp/faqnavi/WEB-INF/src.sjis/jp/nec/faqnavi/logic/manage/AdmManageLogic.java
2013/03/14 04:12:45 info: [OK] 'D:/temp/faqnavi/WEB-INF/src.sjis/jp/nec/faqnavi/logic/manage/AdmPassChangeLogic.java
2013/03/14 04:12:45 info: [OK] 'D:/temp/faqnavi/WEB-INF/src.sjis/jp/nec/faqnavi/logic/manage/ManageUserScreenData.java
2013/03/14 04:12:46 info: [OK] 'D:/temp/faqnavi/WEB-INF/src.sjis/jp/nec/faqnavi/logic/manage/MaxAccountChangeLogic.java
2013/03/14 04:12:49 info: [OK] 'D:/temp/faqnavi/WEB-INF/src.sjis/jp/nec/faqnavi/logic/manage/ModifyAccountLogic.java
2013/03/14 04:12:50 info: [OK] 'D:/temp/faqnavi/WEB-INF/src.sjis/jp/nec/faqnavi/logic/manage/ModifyPostLogic.java
2013/03/14 04:12:50 info: [OK] 'D:/temp/faqnavi/WEB-INF/src.sjis/jp/nec/faqnavi/logic/manage/ModifyUserGroupAddLogic.java
2013/03/14 04:12:51 info: [OK] 'D:/temp/faqnavi/WEB-INF/src.sjis/jp/nec/faqnavi/logic/manage/ModifyUserGroupChangeLogic.java
2013/03/14 04:12:53 info: [OK] 'D:/temp/faqnavi/WEB-INF/src.sjis/jp/nec/faqnavi/logic/manage/ModifyUserLogic.java
2013/03/14 04:12:54 info: [OK] 'D:/temp/faqnavi/WEB-INF/src.sjis/jp/nec/faqnavi/logic/manage/ModifyUserUserAddLogic.java
2013/03/14 04:12:55 info: [OK] 'D:/temp/faqnavi/WEB-INF/src.sjis/jp/nec/faqnavi/logic/manage/ModifyUserUserChangeLogic.java
2013/03/14 04:12:55 info: [OK] 'D:/temp/faqnavi/WEB-INF/src.sjis/jp/nec/faqnavi/logic/manage/PrivilegeScreenData.java
2013/03/14 04:12:59 info: [OK] 'D:/temp/faqnavi/WEB-INF/src.sjis/jp/nec/faqnavi/logic/user/UserLoginErrorLogic.java
2013/03/14 04:13:02 info: [OK] 'D:/temp/faqnavi/WEB-INF/src.sjis/jp/nec/faqnavi/logic/user/UserLoginLogic.java
2013/03/14 04:13:03 info: [OK] 'D:/temp/faqnavi/WEB-INF/src.sjis/jp/nec/faqnavi/logic/user/UserMailErrorLogic.java
2013/03/14 04:13:08 info: [OK] 'D:/temp/faqnavi/WEB-INF/src.sjis/jp/nec/faqnavi/logic/user/UserMailFormLogic.java
2013/03/14 04:13:09 info: [OK] 'D:/temp/faqnavi/WEB-INF/src.sjis/jp/nec/faqnavi/logic/user/UserMailSendLogic.java
2013/03/14 04:13:13 info: [OK] 'D:/temp/faqnavi/WEB-INF/src.sjis/jp/nec/faqnavi/logic/user/UserNaviLogic.java
2013/03/14 04:13:16 info: [OK] 'D:/temp/faqnavi/WEB-INF/src.sjis/jp/nec/faqnavi/logic/user/UserQALogic.java
2013/03/14 04:13:19 info: [OK] 'D:/temp/faqnavi/WEB-INF/src.sjis/jp/nec/faqnavi/logic/user/UserSearchLogic.java
2013/03/14 04:13:20 info: [OK] 'D:/temp/faqnavi/WEB-INF/src.sjis/jp/nec/faqnavi/servlet/AbstractXmlServlet.java
2013/03/14 04:13:22 info: [OK] 'D:/temp/faqnavi/WEB-INF/src.sjis/jp/nec/faqnavi/servlet/webeditor/FileBrowserServlet.java
2013/03/14 04:13:23 info: [OK] 'D:/temp/faqnavi/WEB-INF/src.sjis/jp/nec/faqnavi/servlet/webeditor/FileControllerServlet.java
2013/03/14 04:13:24 info: [OK] 'D:/temp/faqnavi/WEB-INF/src.sjis/jp/nec/faqnavi/servlet/webeditor/FileUploaderServlet.java
2013/03/14 04:13:25 info: [OK] 'D:/temp/faqnavi/WEB-INF/src.sjis/jp/nec/faqnavi/servlet/XmlApiContext.java
2013/03/14 04:13:25 info: [OK] 'D:/temp/faqnavi/WEB-INF/src.sjis/jp/nec/faqnavi/servlet/XmlApiConvAuthContext.java
2013/03/14 04:13:25 info: [OK] 'D:/temp/faqnavi/WEB-INF/src.sjis/jp/nec/faqnavi/servlet/XmlApiCtrlAuthContext.java
2013/03/14 04:13:25 info: [OK] 'D:/temp/faqnavi/WEB-INF/src.sjis/jp/nec/faqnavi/servlet/XmlConvAuthServlet.java
2013/03/14 04:13:25 info: [OK] 'D:/temp/faqnavi/WEB-INF/src.sjis/jp/nec/faqnavi/servlet/XmlCtrlAuthServlet.java
2013/03/14 04:13:26 info: [OK] 'D:/temp/faqnavi/WEB-INF/src.sjis/jp/nec/faqnavi/servlet/XmlSearchServlet.java
2013/03/14 04:13:33 info: [OK] 'D:/temp/faqnavi/WEB-INF/src.sjis/jp/nec/faqnavi/test/db/AbstractWrapper.java
2013/03/14 04:13:34 info: [OK] 'D:/temp/faqnavi/WEB-INF/src.sjis/jp/nec/faqnavi/test/db/FaqAccountEntityWrapper.java
2013/03/14 04:13:35 info: [OK] 'D:/temp/faqnavi/WEB-INF/src.sjis/jp/nec/faqnavi/test/db/FaqAdminEntityWrapper.java
2013/03/14 04:13:35 info: [OK] 'D:/temp/faqnavi/WEB-INF/src.sjis/jp/nec/faqnavi/test/db/FaqAuthFaqRelationEntityWrapper.java
2013/03/14 04:13:35 info: [OK] 'D:/temp/faqnavi/WEB-INF/src.sjis/jp/nec/faqnavi/test/db/FaqAuthGroupEntityWrapper.java
2013/03/14 04:13:36 info: [OK] 'D:/temp/faqnavi/WEB-INF/src.sjis/jp/nec/faqnavi/test/db/FaqAuthNodeRelationEntityWrapper.java
2013/03/14 04:13:36 info: [OK] 'D:/temp/faqnavi/WEB-INF/src.sjis/jp/nec/faqnavi/test/db/FaqAuthRelationEntityWrapper.java
2013/03/14 04:13:37 info: [OK] 'D:/temp/faqnavi/WEB-INF/src.sjis/jp/nec/faqnavi/test/db/FaqAuthUserEntityWrapper.java
2013/03/14 04:13:38 info: [OK] 'D:/temp/faqnavi/WEB-INF/src.sjis/jp/nec/faqnavi/test/db/FaqCategoryEntityWrapper.java
2013/03/14 04:13:41 info: [OK] 'D:/temp/faqnavi/WEB-INF/src.sjis/jp/nec/faqnavi/test/db/FaqDataEntityWrapper.java
2013/03/14 04:13:42 info: [OK] 'D:/temp/faqnavi/WEB-INF/src.sjis/jp/nec/faqnavi/test/db/FaqFormEntityWrapper.java
2013/03/14 04:13:44 info: [OK] 'D:/temp/faqnavi/WEB-INF/src.sjis/jp/nec/faqnavi/test/db/FaqHistoryEntityWrapper.java
2013/03/14 04:13:45 info: [OK] 'D:/temp/faqnavi/WEB-INF/src.sjis/jp/nec/faqnavi/test/db/FaqPrivilegeEntityWrapper.java
2013/03/14 04:13:46 info: [OK] 'D:/temp/faqnavi/WEB-INF/src.sjis/jp/nec/faqnavi/test/db/FaqQAHistoryEntityWrapper.java
2013/03/14 04:13:46 info: [OK] 'D:/temp/faqnavi/WEB-INF/src.sjis/jp/nec/faqnavi/test/db/FaqRankEntityWrapper.java
2013/03/14 04:13:47 info: [OK] 'D:/temp/faqnavi/WEB-INF/src.sjis/jp/nec/faqnavi/test/db/FaqSettingEntityWrapper.java
2013/03/14 04:13:47 info: [OK] 'D:/temp/faqnavi/WEB-INF/src.sjis/jp/nec/faqnavi/test/db/FaqTreeEntityWrapper.java
2013/03/14 04:13:48 info: [OK] 'D:/temp/faqnavi/WEB-INF/src.sjis/jp/nec/faqnavi/test/db/FaqUsersEntityWrapper.java
2013/03/14 04:13:48 info: [OK] 'D:/temp/faqnavi/WEB-INF/src.sjis/jp/nec/faqnavi/test/db/prof/AbstractWrapper.java
2013/03/14 04:13:49 info: [OK] 'D:/temp/faqnavi/WEB-INF/src.sjis/jp/nec/faqnavi/test/db/prof/FaqAccountEntityWrapper.java
2013/03/14 04:13:50 info: [OK] 'D:/temp/faqnavi/WEB-INF/src.sjis/jp/nec/faqnavi/test/db/prof/FaqAdminEntityWrapper.java
2013/03/14 04:13:50 info: [OK] 'D:/temp/faqnavi/WEB-INF/src.sjis/jp/nec/faqnavi/test/db/prof/FaqAuthFaqRelationEntityWrapper.java
2013/03/14 04:13:51 info: [OK] 'D:/temp/faqnavi/WEB-INF/src.sjis/jp/nec/faqnavi/test/db/prof/FaqAuthGroupEntityWrapper.java
2013/03/14 04:13:51 info: [OK] 'D:/temp/faqnavi/WEB-INF/src.sjis/jp/nec/faqnavi/test/db/prof/FaqAuthNodeRelationEntityWrapper.java
2013/03/14 04:13:52 info: [OK] 'D:/temp/faqnavi/WEB-INF/src.sjis/jp/nec/faqnavi/test/db/prof/FaqAuthRelationEntityWrapper.java
2013/03/14 04:13:52 info: [OK] 'D:/temp/faqnavi/WEB-INF/src.sjis/jp/nec/faqnavi/test/db/prof/FaqAuthUserEntityWrapper.java
2013/03/14 04:13:54 info: [OK] 'D:/temp/faqnavi/WEB-INF/src.sjis/jp/nec/faqnavi/test/db/prof/FaqCategoryEntityWrapper.java
2013/03/14 04:13:58 info: [OK] 'D:/temp/faqnavi/WEB-INF/src.sjis/jp/nec/faqnavi/test/db/prof/FaqDataEntityWrapper.java
2013/03/14 04:14:00 info: [OK] 'D:/temp/faqnavi/WEB-INF/src.sjis/jp/nec/faqnavi/test/db/prof/FaqFormEntityWrapper.java
2013/03/14 04:14:03 info: [OK] 'D:/temp/faqnavi/WEB-INF/src.sjis/jp/nec/faqnavi/test/db/prof/FaqHistoryEntityWrapper.java
2013/03/14 04:14:04 info: [OK] 'D:/temp/faqnavi/WEB-INF/src.sjis/jp/nec/faqnavi/test/db/prof/FaqPrivilegeEntityWrapper.java
2013/03/14 04:14:05 info: [OK] 'D:/temp/faqnavi/WEB-INF/src.sjis/jp/nec/faqnavi/test/db/prof/FaqQAHistoryEntityWrapper.java
2013/03/14 04:14:05 info: [OK] 'D:/temp/faqnavi/WEB-INF/src.sjis/jp/nec/faqnavi/test/db/prof/FaqRankEntityWrapper.java
2013/03/14 04:14:06 info: [OK] 'D:/temp/faqnavi/WEB-INF/src.sjis/jp/nec/faqnavi/test/db/prof/FaqSettingEntityWrapper.java
2013/03/14 04:14:06 info: [OK] 'D:/temp/faqnavi/WEB-INF/src.sjis/jp/nec/faqnavi/test/db/prof/FaqTreeEntityWrapper.java
2013/03/14 04:14:07 info: [OK] 'D:/temp/faqnavi/WEB-INF/src.sjis/jp/nec/faqnavi/test/db/prof/FaqUsersEntityWrapper.java
2013/03/14 04:14:07 info: [OK] 'D:/temp/faqnavi/WEB-INF/src.sjis/jp/nec/faqnavi/test/db/prof/SystemAdminEntityWrapper.java
2013/03/14 04:14:07 info: [OK] 'D:/temp/faqnavi/WEB-INF/src.sjis/jp/nec/faqnavi/test/db/SystemAdminEntityWrapper.java
2013/03/14 04:14:08 info: [OK] 'D:/temp/faqnavi/WEB-INF/src.sjis/jp/nec/faqnavi/testdata/ImportCat.java
2013/03/14 04:14:10 info: [OK] 'D:/temp/faqnavi/WEB-INF/src.sjis/jp/nec/faqnavi/testdata/ImportHistory.java
2013/03/14 04:14:10 info: [OK] 'D:/temp/faqnavi/WEB-INF/src.sjis/jp/nec/faqnavi/testdata/ImportQA.java
