2013/07/26 00:28:04 info: [OK] 'C:/altair/build/linux/sync.apr
2013/07/26 00:28:06 info: [OK] 'C:/altair/sample/alctrl/alctrl.apr
2013/07/26 00:28:07 info: [OK] 'C:/altair/sample/almath/almath.apr
2013/07/26 00:51:04 info: [OK] 'C:/altair/sample/alsoftpro/alsoftpro.apr
2013/07/26 00:51:20 info: [OK] 'C:/altair/sample/alsoftpro/test.apr
2013/07/26 00:51:20 info: [OK] 'C:/altair/sample/alsoftpro/tmp/braket.apr
2013/07/26 00:51:20 info: [OK] 'C:/altair/sample/alsoftpro/tmp/empty1.apr
2013/07/26 00:51:20 info: [OK] 'C:/altair/sample/alsoftpro/tmp/empty2.apr
2013/07/26 00:51:20 info: [OK] 'C:/altair/sample/alsoftpro/tmp/empty3.apr
2013/07/26 00:51:20 info: [OK] 'C:/altair/sample/alsoftpro/tmp/empty4.apr
2013/07/26 00:51:20 info: [OK] 'C:/altair/sample/alsoftpro/tmp/if.apr
2013/07/26 00:51:20 info: [OK] 'C:/altair/sample/alsoftpro/tmp/out.apr
2013/07/26 00:51:21 info: [OK] 'C:/altair/sample/alsoftpro/tmp/ptr_func.apr
2013/07/26 00:51:21 info: [OK] 'C:/altair/sample/alsoftpro/tmp/return_exp.apr
2013/07/26 00:51:21 info: [OK] 'C:/altair/sample/alsoftpro/tmp/sum_n.apr
2013/07/26 00:51:21 info: [OK] 'C:/altair/sample/alsoftpro/tmp/tail.apr
2013/07/26 00:51:21 info: [OK] 'C:/altair/sample/alsoftpro/tmp/vfunc.apr
2013/07/26 00:51:21 info: [OK] 'C:/altair/sample/bank/1/accountserver.apr
2013/07/26 00:51:21 info: [OK] 'C:/altair/sample/bank/1/accountskelton.apr
2013/07/26 00:51:21 info: [OK] 'C:/altair/sample/bank/1/accountstub.apr
2013/07/26 00:51:21 info: [OK] 'C:/altair/sample/bank/1/orb.apr
2013/07/26 00:51:21 info: [OK] 'C:/altair/sample/bank/1/orbgbgp.apr
2013/07/26 00:51:21 info: [OK] 'C:/altair/sample/bank/2/accountserver.apr
2013/07/26 00:51:21 info: [OK] 'C:/altair/sample/bank/2/accountskelton.apr
2013/07/26 00:51:21 info: [OK] 'C:/altair/sample/bank/2/accountstub.apr
2013/07/26 00:51:21 info: [OK] 'C:/altair/sample/bank/2/orb.apr
2013/07/26 00:51:21 info: [OK] 'C:/altair/sample/bank/2/orbgbgp.apr
2013/07/26 00:51:49 info: [OK] 'C:/altair/sample/bank/orbt.apr
2013/07/26 00:51:49 info: [OK] 'C:/altair/sample/build/1/build.apr
2013/07/26 00:51:50 info: [OK] 'C:/altair/sample/build/2/build.apr
2013/07/26 00:51:50 info: [OK] 'C:/altair/sample/comm/cmdline.apr
2013/07/26 00:51:50 info: [OK] 'C:/altair/sample/comm/conv_sjis_euc_and_utf8.apr
2013/07/26 00:51:51 info: [OK] 'C:/altair/sample/comm/dllcall.apr
2013/07/26 00:51:51 info: [OK] 'C:/altair/sample/comm/mapfile.apr
2013/07/26 00:51:51 info: [OK] 'C:/altair/sample/comm/mapfile2.apr
2013/07/26 00:51:51 info: [OK] 'C:/altair/sample/comm/ping.apr
2013/07/26 00:51:52 info: [OK] 'C:/altair/sample/comm/script.apr
2013/07/26 00:51:54 info: [OK] 'C:/altair/sample/comm/simple_ft.apr
2013/07/26 00:51:54 info: [OK] 'C:/altair/sample/comm/socket.apr
2013/07/26 00:51:56 info: [OK] 'C:/altair/sample/comm/socket2.apr
2013/07/26 00:51:56 info: [OK] 'C:/altair/sample/comm/stdio.apr
2013/07/26 00:51:57 info: [OK] 'C:/altair/sample/comm/stdio2.apr
2013/07/26 00:51:57 info: [OK] 'C:/altair/sample/gui/gbgp.apr
2013/07/26 00:53:32 info: [OK] 'C:/altair/sample/gui/gbgpt.apr
2013/07/26 01:18:08 info: [OK] 'C:/altair/sample/gui/guicore.apr
2013/07/26 01:20:47 info: [OK] 'C:/altair/sample/gui/guitest.apr
2013/07/26 01:20:47 info: [OK] 'C:/altair/sample/gui/gui_sample_setup.apr
2013/07/26 01:20:47 info: [OK] 'C:/altair/sample/gui/scribble.apr
2013/07/26 01:21:14 info: [OK] 'C:/altair/sample/gui/syslib.apr
2013/07/26 01:21:17 info: [OK] 'C:/altair/sample/net/crypt/crypt.apr
2013/07/26 01:21:18 info: [OK] 'C:/altair/sample/net/http/httpclnt.apr
2013/07/26 01:21:22 info: [OK] 'C:/altair/sample/net/http/httpd.apr
2013/07/26 01:21:23 info: [OK] 'C:/altair/sample/net/https/httpclnt.apr
2013/07/26 01:21:24 info: [OK] 'C:/altair/sample/net/https/httpclnt_bothAuth.apr
2013/07/26 01:21:25 info: [OK] 'C:/altair/sample/net/https/httpclnt_clientAuth.apr
2013/07/26 01:21:26 info: [OK] 'C:/altair/sample/net/https/httpclnt_serverAuth.apr
2013/07/26 01:21:28 info: [OK] 'C:/altair/sample/net/https/httpd.apr
2013/07/26 01:21:30 info: [OK] 'C:/altair/sample/net/https/httpd128.apr
2013/07/26 01:21:32 info: [OK] 'C:/altair/sample/net/https/httpd_clientAuth.apr
2013/07/26 01:21:36 info: [OK] 'C:/altair/sample/net/servlet/servlet.apr
2013/07/26 01:21:37 info: [OK] 'C:/altair/sample/net/smime/smime.apr
2013/07/26 01:21:56 info: [OK] 'C:/altair/sample/net/smtp/mail.apr
2013/07/26 01:21:56 info: [OK] 'C:/altair/sample/nl/juman_knp.apr
2013/07/26 01:21:56 info: [OK] 'C:/altair/sample/parser_and_generator/math-simple.apr
2013/07/26 01:21:57 info: [OK] 'C:/altair/sample/parser_and_generator/xml-simple.apr
2013/07/26 01:22:07 info: [OK] 'C:/altair/sample/prof/prof.apr
2013/07/26 01:22:14 info: [OK] 'C:/altair/sample/prof/sqlprof.apr
2013/07/26 01:22:14 info: [OK] 'C:/altair/sample/prolog/prolog.apr
2013/07/26 01:22:20 info: [OK] 'C:/altair/sample/proxy/proxy.apr
2013/07/26 01:22:21 info: [OK] 'C:/altair/sample/rdb/2_conn.apr
2013/07/26 01:22:21 info: [OK] 'C:/altair/sample/rdb/csv2db.apr
2013/07/26 01:22:21 info: [OK] 'C:/altair/sample/rdb/db2csv.apr
2013/07/26 01:22:25 info: [OK] 'C:/altair/sample/rdb/sqltest.apr
2013/07/26 02:39:57 info: [OK] 'C:/altair/sample/server/server.apr
2013/07/26 02:39:58 info: [OK] 'C:/altair/sample/server/watcher.apr
2013/07/26 03:06:37 info: [OK] 'C:/altair/sample/server2/server.apr
2013/07/26 03:06:39 info: [OK] 'C:/altair/sample/solid/solid1.apr
2013/07/26 03:06:41 info: [OK] 'C:/altair/sample/solid/solid2.apr
2013/07/26 03:06:42 info: [OK] 'C:/altair/sample/solid/solid3.apr
2013/07/26 03:06:43 info: [OK] 'C:/altair/sample/xml/xml.apr
2013/07/26 03:06:44 info: [OK] 'C:/altair/tmp/tmp.apr
2013/07/26 03:06:44 info: [OK] 'C:/altair/util/apr/append_semicolumn.apr
2013/07/26 03:06:45 info: [OK] 'C:/altair/util/apr/CRLF_to_LF.apr
2013/07/26 03:06:45 info: [OK] 'C:/altair/util/apr/cut_head.apr
2013/07/26 03:06:45 info: [OK] 'C:/altair/util/apr/c_to_cpp.apr
2013/07/26 03:06:45 info: [OK] 'C:/altair/util/apr/ed.apr
2013/07/26 03:06:45 info: [OK] 'C:/altair/util/apr/euc_to_sjis.apr
2013/07/26 03:06:45 info: [OK] 'C:/altair/util/apr/grep.apr
2013/07/26 03:06:45 info: [OK] 'C:/altair/util/apr/listup_tag.apr
2013/07/26 03:06:47 info: [OK] 'C:/altair/util/apr/release.apr
2013/07/26 03:06:47 info: [OK] 'C:/altair/util/apr/sjis_utf8_sjis.apr
2013/07/26 03:06:48 info: [OK] 'C:/altair/util/apr/sync.apr
2013/07/26 03:06:48 info: [OK] 'C:/altair/util/apr/utf8_to_sjis.apr
2013/07/26 03:06:50 info: [OK] 'C:/altair/util/apr/wc.apr
2013/07/26 03:06:53 info: [OK] 'C:/altair/build/linux/sync.apr
2013/07/26 03:06:56 info: [OK] 'C:/altair/sample/alctrl/alctrl.apr
2013/07/26 03:06:57 info: [OK] 'C:/altair/sample/almath/almath.apr
2013/07/26 03:32:35 info: [OK] 'C:/altair/sample/alsoftpro/alsoftpro.apr
2013/07/26 03:32:53 info: [OK] 'C:/altair/sample/alsoftpro/test.apr
2013/07/26 03:32:53 info: [OK] 'C:/altair/sample/alsoftpro/tmp/braket.apr
2013/07/26 03:32:53 info: [OK] 'C:/altair/sample/alsoftpro/tmp/empty1.apr
2013/07/26 03:32:53 info: [OK] 'C:/altair/sample/alsoftpro/tmp/empty2.apr
2013/07/26 03:32:53 info: [OK] 'C:/altair/sample/alsoftpro/tmp/empty3.apr
2013/07/26 03:32:53 info: [OK] 'C:/altair/sample/alsoftpro/tmp/empty4.apr
2013/07/26 03:32:53 info: [OK] 'C:/altair/sample/alsoftpro/tmp/if.apr
2013/07/26 03:32:54 info: [OK] 'C:/altair/sample/alsoftpro/tmp/out.apr
2013/07/26 03:32:54 info: [OK] 'C:/altair/sample/alsoftpro/tmp/ptr_func.apr
2013/07/26 03:32:54 info: [OK] 'C:/altair/sample/alsoftpro/tmp/return_exp.apr
2013/07/26 03:32:54 info: [OK] 'C:/altair/sample/alsoftpro/tmp/sum_n.apr
2013/07/26 03:32:54 info: [OK] 'C:/altair/sample/alsoftpro/tmp/tail.apr
2013/07/26 03:32:54 info: [OK] 'C:/altair/sample/alsoftpro/tmp/vfunc.apr
2013/07/26 03:32:54 info: [OK] 'C:/altair/sample/bank/1/accountserver.apr
2013/07/26 03:32:54 info: [OK] 'C:/altair/sample/bank/1/accountskelton.apr
2013/07/26 03:32:54 info: [OK] 'C:/altair/sample/bank/1/accountstub.apr
2013/07/26 03:32:54 info: [OK] 'C:/altair/sample/bank/1/orb.apr
2013/07/26 03:32:54 info: [OK] 'C:/altair/sample/bank/1/orbgbgp.apr
2013/07/26 03:32:54 info: [OK] 'C:/altair/sample/bank/2/accountserver.apr
2013/07/26 03:32:54 info: [OK] 'C:/altair/sample/bank/2/accountskelton.apr
2013/07/26 03:32:54 info: [OK] 'C:/altair/sample/bank/2/accountstub.apr
2013/07/26 03:32:54 info: [OK] 'C:/altair/sample/bank/2/orb.apr
2013/07/26 03:32:54 info: [OK] 'C:/altair/sample/bank/2/orbgbgp.apr
2013/07/26 03:33:26 info: [OK] 'C:/altair/sample/bank/orbt.apr
2013/07/26 03:33:27 info: [OK] 'C:/altair/sample/build/1/build.apr
2013/07/26 03:33:27 info: [OK] 'C:/altair/sample/build/2/build.apr
2013/07/26 03:33:27 info: [OK] 'C:/altair/sample/comm/cmdline.apr
2013/07/26 03:33:27 info: [OK] 'C:/altair/sample/comm/conv_sjis_euc_and_utf8.apr
2013/07/26 03:33:28 info: [OK] 'C:/altair/sample/comm/dllcall.apr
2013/07/26 03:33:28 info: [OK] 'C:/altair/sample/comm/mapfile.apr
2013/07/26 03:33:29 info: [OK] 'C:/altair/sample/comm/mapfile2.apr
2013/07/26 03:33:29 info: [OK] 'C:/altair/sample/comm/ping.apr
2013/07/26 03:33:29 info: [OK] 'C:/altair/sample/comm/script.apr
2013/07/26 03:33:31 info: [OK] 'C:/altair/sample/comm/simple_ft.apr
2013/07/26 03:33:32 info: [OK] 'C:/altair/sample/comm/socket.apr
2013/07/26 03:33:34 info: [OK] 'C:/altair/sample/comm/socket2.apr
2013/07/26 03:33:34 info: [OK] 'C:/altair/sample/comm/stdio.apr
2013/07/26 03:33:34 info: [OK] 'C:/altair/sample/comm/stdio2.apr
2013/07/26 03:33:34 info: [OK] 'C:/altair/sample/gui/gbgp.apr
2013/07/26 03:35:18 info: [OK] 'C:/altair/sample/gui/gbgpt.apr
2013/07/26 04:02:50 info: [OK] 'C:/altair/sample/gui/guicore.apr
2013/07/26 04:05:46 info: [OK] 'C:/altair/sample/gui/guitest.apr
2013/07/26 04:05:47 info: [OK] 'C:/altair/sample/gui/gui_sample_setup.apr
2013/07/26 04:05:47 info: [OK] 'C:/altair/sample/gui/scribble.apr
2013/07/26 04:06:17 info: [OK] 'C:/altair/sample/gui/syslib.apr
2013/07/26 04:06:20 info: [OK] 'C:/altair/sample/net/crypt/crypt.apr
2013/07/26 04:06:22 info: [OK] 'C:/altair/sample/net/http/httpclnt.apr
2013/07/26 04:06:26 info: [OK] 'C:/altair/sample/net/http/httpd.apr
2013/07/26 04:06:27 info: [OK] 'C:/altair/sample/net/https/httpclnt.apr
2013/07/26 04:06:28 info: [OK] 'C:/altair/sample/net/https/httpclnt_bothAuth.apr
2013/07/26 04:06:29 info: [OK] 'C:/altair/sample/net/https/httpclnt_clientAuth.apr
2013/07/26 04:06:30 info: [OK] 'C:/altair/sample/net/https/httpclnt_serverAuth.apr
2013/07/26 04:06:33 info: [OK] 'C:/altair/sample/net/https/httpd.apr
2013/07/26 04:06:35 info: [OK] 'C:/altair/sample/net/https/httpd128.apr
2013/07/26 04:06:37 info: [OK] 'C:/altair/sample/net/https/httpd_clientAuth.apr
2013/07/26 04:06:41 info: [OK] 'C:/altair/sample/net/servlet/servlet.apr
2013/07/26 04:06:42 info: [OK] 'C:/altair/sample/net/smime/smime.apr
2013/07/26 04:07:03 info: [OK] 'C:/altair/sample/net/smtp/mail.apr
2013/07/26 04:07:03 info: [OK] 'C:/altair/sample/nl/juman_knp.apr
2013/07/26 04:07:03 info: [OK] 'C:/altair/sample/parser_and_generator/math-simple.apr
2013/07/26 04:07:03 info: [OK] 'C:/altair/sample/parser_and_generator/xml-simple.apr
2013/07/26 04:07:15 info: [OK] 'C:/altair/sample/prof/prof.apr
2013/07/26 04:07:22 info: [OK] 'C:/altair/sample/prof/sqlprof.apr
2013/07/26 04:07:23 info: [OK] 'C:/altair/sample/prolog/prolog.apr
2013/07/26 04:07:29 info: [OK] 'C:/altair/sample/proxy/proxy.apr
2013/07/26 04:07:29 info: [OK] 'C:/altair/sample/rdb/2_conn.apr
2013/07/26 04:07:29 info: [OK] 'C:/altair/sample/rdb/csv2db.apr
2013/07/26 04:07:30 info: [OK] 'C:/altair/sample/rdb/db2csv.apr
2013/07/26 04:07:34 info: [OK] 'C:/altair/sample/rdb/sqltest.apr
2013/07/26 05:29:42 info: [OK] 'C:/altair/sample/server/server.apr
2013/07/26 05:29:43 info: [OK] 'C:/altair/sample/server/watcher.apr
2013/07/26 05:59:55 info: [OK] 'C:/altair/sample/server2/server.apr
2013/07/26 05:59:57 info: [OK] 'C:/altair/sample/solid/solid1.apr
2013/07/26 05:59:59 info: [OK] 'C:/altair/sample/solid/solid2.apr
2013/07/26 06:00:00 info: [OK] 'C:/altair/sample/solid/solid3.apr
2013/07/26 06:00:02 info: [OK] 'C:/altair/sample/xml/xml.apr
2013/07/26 06:00:02 info: [OK] 'C:/altair/tmp/tmp.apr
2013/07/26 06:00:02 info: [OK] 'C:/altair/util/apr/append_semicolumn.apr
2013/07/26 06:00:03 info: [OK] 'C:/altair/util/apr/CRLF_to_LF.apr
2013/07/26 06:00:03 info: [OK] 'C:/altair/util/apr/cut_head.apr
2013/07/26 06:00:04 info: [OK] 'C:/altair/util/apr/c_to_cpp.apr
2013/07/26 06:00:04 info: [OK] 'C:/altair/util/apr/ed.apr
2013/07/26 06:00:04 info: [OK] 'C:/altair/util/apr/euc_to_sjis.apr
2013/07/26 06:00:04 info: [OK] 'C:/altair/util/apr/grep.apr
2013/07/26 06:00:04 info: [OK] 'C:/altair/util/apr/listup_tag.apr
2013/07/26 06:00:06 info: [OK] 'C:/altair/util/apr/release.apr
2013/07/26 06:00:06 info: [OK] 'C:/altair/util/apr/sjis_utf8_sjis.apr
2013/07/26 06:00:07 info: [OK] 'C:/altair/util/apr/sync.apr
2013/07/26 06:00:07 info: [OK] 'C:/altair/util/apr/utf8_to_sjis.apr
2013/07/26 06:00:08 info: [OK] 'C:/altair/util/apr/wc.apr
