2013/03/14 03:53:51 info: [OK] 'D:/temp/algebra-0.72/install.rb
2013/03/14 03:53:53 info: [OK] 'D:/temp/algebra-0.72/lib/algebra/algebraic-equation.rb
2013/03/14 03:53:54 info: [OK] 'D:/temp/algebra-0.72/lib/algebra/algebraic-extension-field.rb
2013/03/14 03:53:55 info: [OK] 'D:/temp/algebra-0.72/lib/algebra/algebraic-parser.rb
2013/03/14 03:53:57 info: [OK] 'D:/temp/algebra-0.72/lib/algebra/algebraic-system.rb
2013/03/14 03:53:58 info: [OK] 'D:/temp/algebra-0.72/lib/algebra/annihilate.rb
2013/03/14 03:53:59 info: [OK] 'D:/temp/algebra-0.72/lib/algebra/array-supplement.rb
2013/03/14 03:54:00 info: [OK] 'D:/temp/algebra-0.72/lib/algebra/auto-require.rb
2013/03/14 03:54:02 info: [OK] 'D:/temp/algebra-0.72/lib/algebra/chinese-rem-th.rb
2013/03/14 03:54:16 info: [OK] 'D:/temp/algebra-0.72/lib/algebra/combinatorial.rb
2013/03/14 03:54:18 info: [OK] 'D:/temp/algebra-0.72/lib/algebra/elementary-divisor.rb
2013/03/14 03:54:18 info: [OK] 'D:/temp/algebra-0.72/lib/algebra/error.rb
2013/03/14 03:54:20 info: [OK] 'D:/temp/algebra-0.72/lib/algebra/euclidian-ring.rb
2013/03/14 03:54:25 info: [OK] 'D:/temp/algebra-0.72/lib/algebra/factors.rb
2013/03/14 03:54:30 info: [OK] 'D:/temp/algebra-0.72/lib/algebra/finite-group.rb
2013/03/14 03:54:32 info: [OK] 'D:/temp/algebra-0.72/lib/algebra/finite-map.rb
2013/03/14 03:54:36 info: [OK] 'D:/temp/algebra-0.72/lib/algebra/finite-set.rb
2013/03/14 03:54:38 info: [OK] 'D:/temp/algebra-0.72/lib/algebra/galois-group.rb
2013/03/14 03:54:44 info: [OK] 'D:/temp/algebra-0.72/lib/algebra/gaussian-elimination.rb
2013/03/14 03:54:50 info: [OK] 'D:/temp/algebra-0.72/lib/algebra/groebner-basis-coeff.rb
2013/03/14 03:54:54 info: [OK] 'D:/temp/algebra-0.72/lib/algebra/groebner-basis.rb
2013/03/14 03:55:02 info: [OK] 'D:/temp/algebra-0.72/lib/algebra/import-module-single-thread.rb
2013/03/14 03:55:14 info: [OK] 'D:/temp/algebra-0.72/lib/algebra/import-module.rb
2013/03/14 03:55:17 info: [OK] 'D:/temp/algebra-0.72/lib/algebra/jordan-form.rb
2013/03/14 03:55:20 info: [OK] 'D:/temp/algebra-0.72/lib/algebra/linear-algebra.rb
2013/03/14 03:55:23 info: [OK] 'D:/temp/algebra-0.72/lib/algebra/localized-ring.rb
2013/03/14 03:55:28 info: [OK] 'D:/temp/algebra-0.72/lib/algebra/m-index.rb
2013/03/14 03:55:31 info: [OK] 'D:/temp/algebra-0.72/lib/algebra/m-polynomial-factor-int.rb
2013/03/14 03:55:32 info: [OK] 'D:/temp/algebra-0.72/lib/algebra/m-polynomial-factor-zp.rb
2013/03/14 03:55:40 info: [OK] 'D:/temp/algebra-0.72/lib/algebra/m-polynomial-factor.rb
2013/03/14 03:55:40 info: [OK] 'D:/temp/algebra-0.72/lib/algebra/m-polynomial-gcd.rb
2013/03/14 03:55:50 info: [OK] 'D:/temp/algebra-0.72/lib/algebra/m-polynomial.rb
2013/03/14 03:55:53 info: [OK] 'D:/temp/algebra-0.72/lib/algebra/matrix-algebra-triplet.rb
2013/03/14 03:56:06 info: [OK] 'D:/temp/algebra-0.72/lib/algebra/matrix-algebra.rb
2013/03/14 03:56:08 info: [OK] 'D:/temp/algebra-0.72/lib/algebra/minimal-decomp-wrong.rb
2013/03/14 03:56:08 info: [OK] 'D:/temp/algebra-0.72/lib/algebra/mk-test-matrix.rb
2013/03/14 03:56:08 info: [OK] 'D:/temp/algebra-0.72/lib/algebra/numeric-supplement.rb
2013/03/14 03:56:12 info: [OK] 'D:/temp/algebra-0.72/lib/algebra/permutation-group.rb
2013/03/14 03:56:13 info: [OK] 'D:/temp/algebra-0.72/lib/algebra/polynomial-converter.rb
2013/03/14 03:56:16 info: [OK] 'D:/temp/algebra-0.72/lib/algebra/polynomial-factor-alg.rb
2013/03/14 03:56:24 info: [OK] 'D:/temp/algebra-0.72/lib/algebra/polynomial-factor-int.rb
2013/03/14 03:56:31 info: [OK] 'D:/temp/algebra-0.72/lib/algebra/polynomial-factor-zp.rb
2013/03/14 03:56:33 info: [OK] 'D:/temp/algebra-0.72/lib/algebra/polynomial-factor.rb
2013/03/14 03:56:41 info: [OK] 'D:/temp/algebra-0.72/lib/algebra/polynomial.rb
2013/03/14 03:56:42 info: [OK] 'D:/temp/algebra-0.72/lib/algebra/powers.rb
2013/03/14 03:56:42 info: [OK] 'D:/temp/algebra-0.72/lib/algebra/prime-gen.rb
2013/03/14 03:56:43 info: [OK] 'D:/temp/algebra-0.72/lib/algebra/rational.rb
2013/03/14 03:56:45 info: [OK] 'D:/temp/algebra-0.72/lib/algebra/residue-class-ring.rb
2013/03/14 03:56:45 info: [OK] 'D:/temp/algebra-0.72/lib/algebra/ruby-version.rb
2013/03/14 03:56:45 info: [OK] 'D:/temp/algebra-0.72/lib/algebra/sets-system.rb
2013/03/14 03:56:47 info: [OK] 'D:/temp/algebra-0.72/lib/algebra/splitting-field.rb
2013/03/14 03:56:48 info: [OK] 'D:/temp/algebra-0.72/lib/algebra.rb
2013/03/14 03:56:48 info: [OK] 'D:/temp/algebra-0.72/sample/sample-algebraic-equation01.rb
2013/03/14 03:56:48 info: [OK] 'D:/temp/algebra-0.72/sample/sample-algebraic-equation02.rb
2013/03/14 03:56:49 info: [OK] 'D:/temp/algebra-0.72/sample/sample-algebraic-root01.rb
2013/03/14 03:56:49 info: [OK] 'D:/temp/algebra-0.72/sample/sample-algebraicfield01.rb
2013/03/14 03:56:49 info: [OK] 'D:/temp/algebra-0.72/sample/sample-algebraicfield02.rb
2013/03/14 03:56:50 info: [OK] 'D:/temp/algebra-0.72/sample/sample-cayleyhamilton01.rb
2013/03/14 03:56:50 info: [OK] 'D:/temp/algebra-0.72/sample/sample-diagonalization01.rb
2013/03/14 03:56:50 info: [OK] 'D:/temp/algebra-0.72/sample/sample-divmod01.rb
2013/03/14 03:56:51 info: [OK] 'D:/temp/algebra-0.72/sample/sample-elementary-divisor01.rb
2013/03/14 03:56:51 info: [OK] 'D:/temp/algebra-0.72/sample/sample-factorize01.rb
2013/03/14 03:56:51 info: [OK] 'D:/temp/algebra-0.72/sample/sample-factorize02.rb
2013/03/14 03:56:51 info: [OK] 'D:/temp/algebra-0.72/sample/sample-factorize03.rb
2013/03/14 03:56:52 info: [OK] 'D:/temp/algebra-0.72/sample/sample-factorize04.rb
2013/03/14 03:56:52 info: [OK] 'D:/temp/algebra-0.72/sample/sample-factorize05.rb
2013/03/14 03:56:52 info: [OK] 'D:/temp/algebra-0.72/sample/sample-galois-group01.rb
2013/03/14 03:56:52 info: [OK] 'D:/temp/algebra-0.72/sample/sample-gaussian-elimination01.rb
2013/03/14 03:56:53 info: [OK] 'D:/temp/algebra-0.72/sample/sample-geometry01.rb
2013/03/14 03:56:54 info: [OK] 'D:/temp/algebra-0.72/sample/sample-geometry02.rb
2013/03/14 03:56:54 info: [OK] 'D:/temp/algebra-0.72/sample/sample-geometry03.rb
2013/03/14 03:56:55 info: [OK] 'D:/temp/algebra-0.72/sample/sample-geometry04.rb
2013/03/14 03:56:56 info: [OK] 'D:/temp/algebra-0.72/sample/sample-geometry07.rb
2013/03/14 03:56:56 info: [OK] 'D:/temp/algebra-0.72/sample/sample-groebner01.rb
2013/03/14 03:56:57 info: [OK] 'D:/temp/algebra-0.72/sample/sample-groebner02.rb
2013/03/14 03:56:58 info: [OK] 'D:/temp/algebra-0.72/sample/sample-groebner03.rb
2013/03/14 03:56:58 info: [OK] 'D:/temp/algebra-0.72/sample/sample-group01.rb
2013/03/14 03:56:59 info: [OK] 'D:/temp/algebra-0.72/sample/sample-jordan-form01.rb
2013/03/14 03:56:59 info: [OK] 'D:/temp/algebra-0.72/sample/sample-lagrange-multiplier01.rb
2013/03/14 03:56:59 info: [OK] 'D:/temp/algebra-0.72/sample/sample-m-factorize01.rb
2013/03/14 03:56:59 info: [OK] 'D:/temp/algebra-0.72/sample/sample-m-factorize02.rb
2013/03/14 03:56:59 info: [OK] 'D:/temp/algebra-0.72/sample/sample-m-polynomial01.rb
2013/03/14 03:57:00 info: [OK] 'D:/temp/algebra-0.72/sample/sample-map01.rb
2013/03/14 03:57:00 info: [OK] 'D:/temp/algebra-0.72/sample/sample-polynomial01.rb
2013/03/14 03:57:00 info: [OK] 'D:/temp/algebra-0.72/sample/sample-polynomial02.rb
2013/03/14 03:57:00 info: [OK] 'D:/temp/algebra-0.72/sample/sample-primefield01.rb
2013/03/14 03:57:00 info: [OK] 'D:/temp/algebra-0.72/sample/sample-quotientfield01.rb
2013/03/14 03:57:01 info: [OK] 'D:/temp/algebra-0.72/sample/sample-quotientfield02.rb
2013/03/14 03:57:01 info: [OK] 'D:/temp/algebra-0.72/sample/sample-quotientfield03.rb
2013/03/14 03:57:01 info: [OK] 'D:/temp/algebra-0.72/sample/sample-quotientfield04.rb
2013/03/14 03:57:02 info: [OK] 'D:/temp/algebra-0.72/sample/sample-set01.rb
2013/03/14 03:57:02 info: [OK] 'D:/temp/algebra-0.72/sample/sample-splitting-field01.rb
2013/03/14 03:57:03 info: [OK] 'D:/temp/algebra-0.72/test/assert.rb
2013/03/14 03:57:05 info: [OK] 'D:/temp/algebra-0.72/test/do-testscripts.rb
2013/03/14 03:57:05 info: [OK] 'D:/temp/algebra-0.72/test/rubyunit.rb
2013/03/14 03:57:06 info: [OK] 'D:/temp/algebra-0.72/test/test-00-cayley-hamilton.rb
2013/03/14 03:57:15 info: [OK] 'D:/temp/algebra-0.72/test/test-00-groebner-basis.rb
2013/03/14 03:57:16 info: [OK] 'D:/temp/algebra-0.72/test/test-00-polynomial-factor-alg.rb
2013/03/14 03:57:17 info: [OK] 'D:/temp/algebra-0.72/test/test-algebraic-equation.rb
2013/03/14 03:57:18 info: [OK] 'D:/temp/algebra-0.72/test/test-algebraic-extension-field.rb
2013/03/14 03:57:18 info: [OK] 'D:/temp/algebra-0.72/test/test-algebraic-parser.rb
2013/03/14 03:57:19 info: [OK] 'D:/temp/algebra-0.72/test/test-annihilate.rb
2013/03/14 03:57:19 info: [OK] 'D:/temp/algebra-0.72/test/test-chinese-rem-th.rb
2013/03/14 03:57:21 info: [OK] 'D:/temp/algebra-0.72/test/test-elementary-divisor.rb
2013/03/14 03:57:21 info: [OK] 'D:/temp/algebra-0.72/test/test-euclidian-ring.rb
2013/03/14 03:57:22 info: [OK] 'D:/temp/algebra-0.72/test/test-factors.rb
2013/03/14 03:57:31 info: [OK] 'D:/temp/algebra-0.72/test/test-finite-group.rb
2013/03/14 03:57:39 info: [OK] 'D:/temp/algebra-0.72/test/test-finite-map.rb
2013/03/14 03:58:01 info: [OK] 'D:/temp/algebra-0.72/test/test-finite-set.rb
2013/03/14 03:58:02 info: [OK] 'D:/temp/algebra-0.72/test/test-galois-group.rb
2013/03/14 03:58:05 info: [OK] 'D:/temp/algebra-0.72/test/test-gaussian-elimination.rb
2013/03/14 03:58:06 info: [OK] 'D:/temp/algebra-0.72/test/test-groebner-basis-coeff.rb
2013/03/14 03:58:06 info: [OK] 'D:/temp/algebra-0.72/test/test-groebner-basis.rb
2013/03/14 03:58:09 info: [OK] 'D:/temp/algebra-0.72/test/test-jordan-form.rb
2013/03/14 03:58:10 info: [OK] 'D:/temp/algebra-0.72/test/test-linear-algebra.rb
2013/03/14 03:58:11 info: [OK] 'D:/temp/algebra-0.72/test/test-localized-ring.rb
2013/03/14 03:58:12 info: [OK] 'D:/temp/algebra-0.72/test/test-m-polynomial-factor-int.rb
2013/03/14 03:58:13 info: [OK] 'D:/temp/algebra-0.72/test/test-m-polynomial-factor-zp.rb
2013/03/14 03:58:13 info: [OK] 'D:/temp/algebra-0.72/test/test-m-polynomial-factor.rb
2013/03/14 03:58:13 info: [OK] 'D:/temp/algebra-0.72/test/test-m-polynomial-gcd.rb
2013/03/14 03:58:20 info: [OK] 'D:/temp/algebra-0.72/test/test-m-polynomial-order.rb
2013/03/14 03:58:32 info: [OK] 'D:/temp/algebra-0.72/test/test-m-polynomial.rb
2013/03/14 03:58:36 info: [OK] 'D:/temp/algebra-0.72/test/test-matrix-algebra.rb
2013/03/14 03:58:43 info: [OK] 'D:/temp/algebra-0.72/test/test-permutation-group.rb
2013/03/14 03:58:43 info: [OK] 'D:/temp/algebra-0.72/test/test-polynomial-converter.rb
2013/03/14 03:58:46 info: [OK] 'D:/temp/algebra-0.72/test/test-polynomial-factor-int.rb
2013/03/14 03:58:47 info: [OK] 'D:/temp/algebra-0.72/test/test-polynomial-factor-zp.rb
2013/03/14 03:58:47 info: [OK] 'D:/temp/algebra-0.72/test/test-polynomial-factor.rb
2013/03/14 03:58:48 info: [OK] 'D:/temp/algebra-0.72/test/test-polynomial.rb
2013/03/14 03:58:48 info: [OK] 'D:/temp/algebra-0.72/test/test-prototype.rb
2013/03/14 03:58:49 info: [OK] 'D:/temp/algebra-0.72/test/test-residue-class-ring.rb
2013/03/14 03:58:50 info: [OK] 'D:/temp/algebra-0.72/test/test-splitting-field.rb
2013/03/14 03:58:52 info: [OK] 'D:/temp/algebra-0.72/test/time-trial.rb
