2013/02/24 22:15:20 info: [OK] 'C:/altair/build/linux/sync.apr
2013/02/24 22:15:22 info: [OK] 'C:/altair/sample/alctrl/alctrl.apr
2013/02/24 22:15:23 info: [OK] 'C:/altair/sample/almath/almath.apr
2013/02/24 22:36:20 info: [OK] 'C:/altair/sample/alsoftpro/alsoftpro.apr
2013/02/24 22:36:35 info: [OK] 'C:/altair/sample/alsoftpro/test.apr
2013/02/24 22:36:36 info: [OK] 'C:/altair/sample/alsoftpro/tmp/braket.apr
2013/02/24 22:36:36 info: [OK] 'C:/altair/sample/alsoftpro/tmp/empty1.apr
2013/02/24 22:36:36 info: [OK] 'C:/altair/sample/alsoftpro/tmp/empty2.apr
2013/02/24 22:36:36 info: [OK] 'C:/altair/sample/alsoftpro/tmp/empty3.apr
2013/02/24 22:36:36 info: [OK] 'C:/altair/sample/alsoftpro/tmp/empty4.apr
2013/02/24 22:36:36 info: [OK] 'C:/altair/sample/alsoftpro/tmp/if.apr
2013/02/24 22:36:36 info: [OK] 'C:/altair/sample/alsoftpro/tmp/out.apr
2013/02/24 22:36:36 info: [OK] 'C:/altair/sample/alsoftpro/tmp/ptr_func.apr
2013/02/24 22:36:36 info: [OK] 'C:/altair/sample/alsoftpro/tmp/return_exp.apr
2013/02/24 22:36:36 info: [OK] 'C:/altair/sample/alsoftpro/tmp/sum_n.apr
2013/02/24 22:36:36 info: [OK] 'C:/altair/sample/alsoftpro/tmp/tail.apr
2013/02/24 22:36:36 info: [OK] 'C:/altair/sample/alsoftpro/tmp/vfunc.apr
2013/02/24 22:36:36 info: [OK] 'C:/altair/sample/bank/1/accountserver.apr
2013/02/24 22:36:36 info: [OK] 'C:/altair/sample/bank/1/accountskelton.apr
2013/02/24 22:36:37 info: [OK] 'C:/altair/sample/bank/1/accountstub.apr
2013/02/24 22:36:37 info: [OK] 'C:/altair/sample/bank/1/orb.apr
2013/02/24 22:36:37 info: [OK] 'C:/altair/sample/bank/1/orbgbgp.apr
2013/02/24 22:36:37 info: [OK] 'C:/altair/sample/bank/2/accountserver.apr
2013/02/24 22:36:37 info: [OK] 'C:/altair/sample/bank/2/accountskelton.apr
2013/02/24 22:36:37 info: [OK] 'C:/altair/sample/bank/2/accountstub.apr
2013/02/24 22:36:37 info: [OK] 'C:/altair/sample/bank/2/orb.apr
2013/02/24 22:36:37 info: [OK] 'C:/altair/sample/bank/2/orbgbgp.apr
2013/02/24 22:37:02 info: [OK] 'C:/altair/sample/bank/orbt.apr
2013/02/24 22:37:03 info: [OK] 'C:/altair/sample/build/1/build.apr
2013/02/24 22:37:03 info: [OK] 'C:/altair/sample/build/2/build.apr
2013/02/24 22:37:03 info: [OK] 'C:/altair/sample/comm/cmdline.apr
2013/02/24 22:37:03 info: [OK] 'C:/altair/sample/comm/conv_sjis_euc_and_utf8.apr
2013/02/24 22:37:04 info: [OK] 'C:/altair/sample/comm/dllcall.apr
2013/02/24 22:37:04 info: [OK] 'C:/altair/sample/comm/mapfile.apr
2013/02/24 22:37:05 info: [OK] 'C:/altair/sample/comm/mapfile2.apr
2013/02/24 22:37:05 info: [OK] 'C:/altair/sample/comm/ping.apr
2013/02/24 22:37:05 info: [OK] 'C:/altair/sample/comm/script.apr
2013/02/24 22:37:07 info: [OK] 'C:/altair/sample/comm/simple_ft.apr
2013/02/24 22:37:08 info: [OK] 'C:/altair/sample/comm/socket.apr
2013/02/24 22:37:09 info: [OK] 'C:/altair/sample/comm/socket2.apr
2013/02/24 22:37:09 info: [OK] 'C:/altair/sample/comm/stdio.apr
2013/02/24 22:37:10 info: [OK] 'C:/altair/sample/comm/stdio2.apr
2013/02/24 22:37:10 info: [OK] 'C:/altair/sample/gui/gbgp.apr
2013/02/24 22:38:46 info: [OK] 'C:/altair/sample/gui/gbgpt.apr
2013/02/24 23:00:19 info: [OK] 'C:/altair/sample/gui/guicore.apr
2013/02/24 23:02:39 info: [OK] 'C:/altair/sample/gui/guitest.apr
2013/02/24 23:02:39 info: [OK] 'C:/altair/sample/gui/gui_sample_setup.apr
2013/02/24 23:02:39 info: [OK] 'C:/altair/sample/gui/scribble.apr
2013/02/24 23:03:04 info: [OK] 'C:/altair/sample/gui/syslib.apr
2013/02/24 23:03:07 info: [OK] 'C:/altair/sample/net/crypt/crypt.apr
2013/02/24 23:03:08 info: [OK] 'C:/altair/sample/net/http/httpclnt.apr
2013/02/24 23:03:12 info: [OK] 'C:/altair/sample/net/http/httpd.apr
2013/02/24 23:03:13 info: [OK] 'C:/altair/sample/net/https/httpclnt.apr
2013/02/24 23:03:14 info: [OK] 'C:/altair/sample/net/https/httpclnt_bothAuth.apr
2013/02/24 23:03:15 info: [OK] 'C:/altair/sample/net/https/httpclnt_clientAuth.apr
2013/02/24 23:03:16 info: [OK] 'C:/altair/sample/net/https/httpclnt_serverAuth.apr
2013/02/24 23:03:18 info: [OK] 'C:/altair/sample/net/https/httpd.apr
2013/02/24 23:03:20 info: [OK] 'C:/altair/sample/net/https/httpd128.apr
2013/02/24 23:03:22 info: [OK] 'C:/altair/sample/net/https/httpd_clientAuth.apr
2013/02/24 23:03:26 info: [OK] 'C:/altair/sample/net/servlet/servlet.apr
2013/02/24 23:03:27 info: [OK] 'C:/altair/sample/net/smime/smime.apr
2013/02/24 23:03:45 info: [OK] 'C:/altair/sample/net/smtp/mail.apr
2013/02/24 23:03:45 info: [OK] 'C:/altair/sample/nl/juman_knp.apr
2013/02/24 23:03:46 info: [OK] 'C:/altair/sample/parser_and_generator/math-simple.apr
2013/02/24 23:03:46 info: [OK] 'C:/altair/sample/parser_and_generator/xml-simple.apr
2013/02/24 23:03:55 info: [OK] 'C:/altair/sample/prof/prof.apr
2013/02/24 23:04:02 info: [OK] 'C:/altair/sample/prof/sqlprof.apr
2013/02/24 23:04:02 info: [OK] 'C:/altair/sample/prolog/prolog.apr
2013/02/24 23:04:08 info: [OK] 'C:/altair/sample/proxy/proxy.apr
2013/02/24 23:04:08 info: [OK] 'C:/altair/sample/rdb/2_conn.apr
2013/02/24 23:04:09 info: [OK] 'C:/altair/sample/rdb/csv2db.apr
2013/02/24 23:04:09 info: [OK] 'C:/altair/sample/rdb/db2csv.apr
2013/02/24 23:04:13 info: [OK] 'C:/altair/sample/rdb/sqltest.apr
2013/02/25 00:16:18 info: [OK] 'C:/altair/sample/server/server.apr
2013/02/25 00:16:19 info: [OK] 'C:/altair/sample/server/watcher.apr
2013/02/25 00:39:56 info: [OK] 'C:/altair/sample/server2/server.apr
2013/02/25 00:39:58 info: [OK] 'C:/altair/sample/solid/solid1.apr
2013/02/25 00:40:00 info: [OK] 'C:/altair/sample/solid/solid2.apr
2013/02/25 00:40:01 info: [OK] 'C:/altair/sample/solid/solid3.apr
2013/02/25 00:40:03 info: [OK] 'C:/altair/sample/xml/xml.apr
2013/02/25 00:40:03 info: [OK] 'C:/altair/util/apr/append_semicolumn.apr
2013/02/25 00:40:04 info: [OK] 'C:/altair/util/apr/CRLF_to_LF.apr
2013/02/25 00:40:04 info: [OK] 'C:/altair/util/apr/cut_head.apr
2013/02/25 00:40:04 info: [OK] 'C:/altair/util/apr/c_to_cpp.apr
2013/02/25 00:40:04 info: [OK] 'C:/altair/util/apr/ed.apr
2013/02/25 00:40:04 info: [OK] 'C:/altair/util/apr/euc_to_sjis.apr
2013/02/25 00:40:04 info: [OK] 'C:/altair/util/apr/grep.apr
2013/02/25 00:40:05 info: [OK] 'C:/altair/util/apr/listup_tag.apr
2013/02/25 00:40:06 info: [OK] 'C:/altair/util/apr/release.apr
2013/02/25 00:40:06 info: [OK] 'C:/altair/util/apr/sjis_utf8_sjis.apr
2013/02/25 00:40:07 info: [OK] 'C:/altair/util/apr/sync.apr
2013/02/25 00:40:07 info: [OK] 'C:/altair/util/apr/utf8_to_sjis.apr
2013/02/25 00:40:09 info: [OK] 'C:/altair/util/apr/wc.apr
2013/02/25 00:40:12 info: [OK] 'C:/altair/build/linux/sync.apr
2013/02/25 00:40:15 info: [OK] 'C:/altair/sample/alctrl/alctrl.apr
2013/02/25 00:40:16 info: [OK] 'C:/altair/sample/almath/almath.apr
2013/02/25 01:03:44 info: [OK] 'C:/altair/sample/alsoftpro/alsoftpro.apr
2013/02/25 01:04:01 info: [OK] 'C:/altair/sample/alsoftpro/test.apr
2013/02/25 01:04:02 info: [OK] 'C:/altair/sample/alsoftpro/tmp/braket.apr
2013/02/25 01:04:02 info: [OK] 'C:/altair/sample/alsoftpro/tmp/empty1.apr
2013/02/25 01:04:02 info: [OK] 'C:/altair/sample/alsoftpro/tmp/empty2.apr
2013/02/25 01:04:02 info: [OK] 'C:/altair/sample/alsoftpro/tmp/empty3.apr
2013/02/25 01:04:02 info: [OK] 'C:/altair/sample/alsoftpro/tmp/empty4.apr
2013/02/25 01:04:02 info: [OK] 'C:/altair/sample/alsoftpro/tmp/if.apr
2013/02/25 01:04:02 info: [OK] 'C:/altair/sample/alsoftpro/tmp/out.apr
2013/02/25 01:04:02 info: [OK] 'C:/altair/sample/alsoftpro/tmp/ptr_func.apr
2013/02/25 01:04:02 info: [OK] 'C:/altair/sample/alsoftpro/tmp/return_exp.apr
2013/02/25 01:04:02 info: [OK] 'C:/altair/sample/alsoftpro/tmp/sum_n.apr
2013/02/25 01:04:02 info: [OK] 'C:/altair/sample/alsoftpro/tmp/tail.apr
2013/02/25 01:04:02 info: [OK] 'C:/altair/sample/alsoftpro/tmp/vfunc.apr
2013/02/25 01:04:02 info: [OK] 'C:/altair/sample/bank/1/accountserver.apr
2013/02/25 01:04:02 info: [OK] 'C:/altair/sample/bank/1/accountskelton.apr
2013/02/25 01:04:02 info: [OK] 'C:/altair/sample/bank/1/accountstub.apr
2013/02/25 01:04:02 info: [OK] 'C:/altair/sample/bank/1/orb.apr
2013/02/25 01:04:02 info: [OK] 'C:/altair/sample/bank/1/orbgbgp.apr
2013/02/25 01:04:03 info: [OK] 'C:/altair/sample/bank/2/accountserver.apr
2013/02/25 01:04:03 info: [OK] 'C:/altair/sample/bank/2/accountskelton.apr
2013/02/25 01:04:03 info: [OK] 'C:/altair/sample/bank/2/accountstub.apr
2013/02/25 01:04:03 info: [OK] 'C:/altair/sample/bank/2/orb.apr
2013/02/25 01:04:03 info: [OK] 'C:/altair/sample/bank/2/orbgbgp.apr
2013/02/25 01:04:38 info: [OK] 'C:/altair/sample/bank/orbt.apr
2013/02/25 01:04:38 info: [OK] 'C:/altair/sample/build/1/build.apr
2013/02/25 01:04:38 info: [OK] 'C:/altair/sample/build/2/build.apr
2013/02/25 01:04:38 info: [OK] 'C:/altair/sample/comm/cmdline.apr
2013/02/25 01:04:39 info: [OK] 'C:/altair/sample/comm/conv_sjis_euc_and_utf8.apr
2013/02/25 01:04:39 info: [OK] 'C:/altair/sample/comm/dllcall.apr
2013/02/25 01:04:40 info: [OK] 'C:/altair/sample/comm/mapfile.apr
2013/02/25 01:04:40 info: [OK] 'C:/altair/sample/comm/mapfile2.apr
2013/02/25 01:04:40 info: [OK] 'C:/altair/sample/comm/ping.apr
2013/02/25 01:04:40 info: [OK] 'C:/altair/sample/comm/script.apr
2013/02/25 01:04:42 info: [OK] 'C:/altair/sample/comm/simple_ft.apr
2013/02/25 01:04:43 info: [OK] 'C:/altair/sample/comm/socket.apr
2013/02/25 01:04:45 info: [OK] 'C:/altair/sample/comm/socket2.apr
2013/02/25 01:04:45 info: [OK] 'C:/altair/sample/comm/stdio.apr
2013/02/25 01:04:46 info: [OK] 'C:/altair/sample/comm/stdio2.apr
2013/02/25 01:04:46 info: [OK] 'C:/altair/sample/gui/gbgp.apr
2013/02/25 01:06:33 info: [OK] 'C:/altair/sample/gui/gbgpt.apr
2013/02/25 01:31:18 info: [OK] 'C:/altair/sample/gui/guicore.apr
2013/02/25 01:33:54 info: [OK] 'C:/altair/sample/gui/guitest.apr
2013/02/25 01:33:54 info: [OK] 'C:/altair/sample/gui/gui_sample_setup.apr
2013/02/25 01:33:55 info: [OK] 'C:/altair/sample/gui/scribble.apr
2013/02/25 01:34:23 info: [OK] 'C:/altair/sample/gui/syslib.apr
2013/02/25 01:34:26 info: [OK] 'C:/altair/sample/net/crypt/crypt.apr
2013/02/25 01:34:27 info: [OK] 'C:/altair/sample/net/http/httpclnt.apr
2013/02/25 01:34:31 info: [OK] 'C:/altair/sample/net/http/httpd.apr
2013/02/25 01:34:32 info: [OK] 'C:/altair/sample/net/https/httpclnt.apr
2013/02/25 01:34:33 info: [OK] 'C:/altair/sample/net/https/httpclnt_bothAuth.apr
2013/02/25 01:34:34 info: [OK] 'C:/altair/sample/net/https/httpclnt_clientAuth.apr
2013/02/25 01:34:36 info: [OK] 'C:/altair/sample/net/https/httpclnt_serverAuth.apr
2013/02/25 01:34:38 info: [OK] 'C:/altair/sample/net/https/httpd.apr
2013/02/25 01:34:40 info: [OK] 'C:/altair/sample/net/https/httpd128.apr
2013/02/25 01:34:42 info: [OK] 'C:/altair/sample/net/https/httpd_clientAuth.apr
2013/02/25 01:34:46 info: [OK] 'C:/altair/sample/net/servlet/servlet.apr
2013/02/25 01:34:47 info: [OK] 'C:/altair/sample/net/smime/smime.apr
2013/02/25 01:35:06 info: [OK] 'C:/altair/sample/net/smtp/mail.apr
2013/02/25 01:35:06 info: [OK] 'C:/altair/sample/nl/juman_knp.apr
2013/02/25 01:35:07 info: [OK] 'C:/altair/sample/parser_and_generator/math-simple.apr
2013/02/25 01:35:07 info: [OK] 'C:/altair/sample/parser_and_generator/xml-simple.apr
2013/02/25 01:35:17 info: [OK] 'C:/altair/sample/prof/prof.apr
2013/02/25 01:35:24 info: [OK] 'C:/altair/sample/prof/sqlprof.apr
2013/02/25 01:35:25 info: [OK] 'C:/altair/sample/prolog/prolog.apr
2013/02/25 01:35:31 info: [OK] 'C:/altair/sample/proxy/proxy.apr
2013/02/25 01:35:31 info: [OK] 'C:/altair/sample/rdb/2_conn.apr
2013/02/25 01:35:31 info: [OK] 'C:/altair/sample/rdb/csv2db.apr
2013/02/25 01:35:32 info: [OK] 'C:/altair/sample/rdb/db2csv.apr
2013/02/25 01:35:36 info: [OK] 'C:/altair/sample/rdb/sqltest.apr
2013/02/25 02:51:19 info: [OK] 'C:/altair/sample/server/server.apr
2013/02/25 02:51:20 info: [OK] 'C:/altair/sample/server/watcher.apr
2013/02/25 03:18:38 info: [OK] 'C:/altair/sample/server2/server.apr
2013/02/25 03:18:40 info: [OK] 'C:/altair/sample/solid/solid1.apr
2013/02/25 03:18:42 info: [OK] 'C:/altair/sample/solid/solid2.apr
2013/02/25 03:18:43 info: [OK] 'C:/altair/sample/solid/solid3.apr
2013/02/25 03:18:45 info: [OK] 'C:/altair/sample/xml/xml.apr
2013/02/25 03:18:45 info: [OK] 'C:/altair/util/apr/append_semicolumn.apr
2013/02/25 03:18:46 info: [OK] 'C:/altair/util/apr/CRLF_to_LF.apr
2013/02/25 03:18:46 info: [OK] 'C:/altair/util/apr/cut_head.apr
2013/02/25 03:18:46 info: [OK] 'C:/altair/util/apr/c_to_cpp.apr
2013/02/25 03:18:46 info: [OK] 'C:/altair/util/apr/ed.apr
2013/02/25 03:18:46 info: [OK] 'C:/altair/util/apr/euc_to_sjis.apr
2013/02/25 03:18:47 info: [OK] 'C:/altair/util/apr/grep.apr
2013/02/25 03:18:47 info: [OK] 'C:/altair/util/apr/listup_tag.apr
2013/02/25 03:18:48 info: [OK] 'C:/altair/util/apr/release.apr
2013/02/25 03:18:48 info: [OK] 'C:/altair/util/apr/sjis_utf8_sjis.apr
2013/02/25 03:18:49 info: [OK] 'C:/altair/util/apr/sync.apr
2013/02/25 03:18:50 info: [OK] 'C:/altair/util/apr/utf8_to_sjis.apr
2013/02/25 03:18:51 info: [OK] 'C:/altair/util/apr/wc.apr
